#
# There is insufficient memory for the Java Runtime Environment to continue.
# Native memory allocation (malloc) failed to allocate 1290416 bytes for Chunk::new
# Possible reasons:
#   The system is out of physical RAM or swap space
#   The process is running with CompressedOops enabled, and the Java Heap may be blocking the growth of the native heap
# Possible solutions:
#   Reduce memory load on the system
#   Increase physical memory or swap space
#   Check if swap backing store is full
#   Decrease Java heap size (-Xmx/-Xms)
#   Decrease number of Java threads
#   Decrease Java thread stack sizes (-Xss)
#   Set larger code cache with -XX:ReservedCodeCacheSize=
#   JVM is running with Unscaled Compressed Oops mode in which the Java heap is
#     placed in the first 4GB address space. The Java Heap base address is the
#     maximum limit for the native heap growth. Please use -XX:HeapBaseMinAddress
#     to set the Java Heap base and to place the Java Heap above 4GB virtual address.
# This output file may be truncated or incomplete.
#
#  Out of Memory Error (./src/hotspot/share/memory/arena.cpp:197), pid=19944, tid=13000
#
# JRE version: OpenJDK Runtime Environment (11.0.12+7) (build 11.0.12+7-b1504.28-7817840)
# Java VM: OpenJDK 64-Bit Server VM (11.0.12+7-b1504.28-7817840, mixed mode, tiered, compressed oops, g1 gc, windows-amd64)
# No core dump will be written. Minidumps are not enabled by default on client versions of Windows
#

---------------  S U M M A R Y ------------

Command Line: --add-opens=java.base/java.util=ALL-UNNAMED --add-opens=java.base/java.lang=ALL-UNNAMED --add-opens=java.base/java.lang.invoke=ALL-UNNAMED --add-opens=java.base/java.util=ALL-UNNAMED --add-opens=java.prefs/java.util.prefs=ALL-UNNAMED --add-opens=java.prefs/java.util.prefs=ALL-UNNAMED --add-opens=java.base/java.nio.charset=ALL-UNNAMED --add-opens=java.base/java.net=ALL-UNNAMED --add-opens=java.base/java.util.concurrent.atomic=ALL-UNNAMED -Xmx2048m -Dfile.encoding=UTF-8 -Duser.country=ES -Duser.language=es -Duser.variant org.gradle.launcher.daemon.bootstrap.GradleDaemon 7.3.3

Host: Intel(R) Core(TM) i7-8565U CPU @ 1.80GHz, 8 cores, 15G,  Windows 10 , 64 bit Build 19041 (10.0.19041.2913)
Time: Sun Jun 11 17:43:48 2023 Hora de verano romance elapsed time: 23.757993 seconds (0d 0h 0m 23s)

---------------  T H R E A D  ---------------

Current thread (0x0000016386895800):  JavaThread "C2 CompilerThread0" daemon [_thread_in_native, id=13000, stack(0x0000002ca5100000,0x0000002ca5200000)]


Current CompileTask:
C2:  23758 11258   !   4       java.net.URL::<init> (543 bytes)

Stack: [0x0000002ca5100000,0x0000002ca5200000]
Native frames: (J=compiled Java code, j=interpreted, Vv=VM code, C=native code)
V  [jvm.dll+0x5fbcea]
V  [jvm.dll+0x731905]
V  [jvm.dll+0x732f1d]
V  [jvm.dll+0x7335d3]
V  [jvm.dll+0x247bf8]
V  [jvm.dll+0xc018c]
V  [jvm.dll+0xc06cc]
V  [jvm.dll+0x35b2db]
V  [jvm.dll+0x328803]
V  [jvm.dll+0x327cfa]
V  [jvm.dll+0x200602]
V  [jvm.dll+0x1ff794]
V  [jvm.dll+0x18868c]
V  [jvm.dll+0x20e0d7]
V  [jvm.dll+0x20c901]
V  [jvm.dll+0x6f9b7f]
V  [jvm.dll+0x6f26a5]
V  [jvm.dll+0x5fabf6]
C  [ucrtbase.dll+0x21bb2]
C  [KERNEL32.DLL+0x17614]
C  [ntdll.dll+0x526a1]


---------------  P R O C E S S  ---------------

Threads class SMR info:
_java_thread_list=0x000001638d507c80, length=131, elements={
0x00000163eb1de000, 0x00000163ffe6d000, 0x00000163ffe6e800, 0x000001638688f000,
0x0000016386890000, 0x0000016386892000, 0x0000016386895800, 0x000001638689e800,
0x00000163868a5000, 0x0000016386a11800, 0x0000016387ee1000, 0x0000016388ac8000,
0x00000163880db800, 0x0000016387a32800, 0x0000016388bb1000, 0x00000163895c9000,
0x0000016388d7f800, 0x0000016387c24000, 0x00000163897d7000, 0x0000016388b79000,
0x0000016388b7a000, 0x0000016388b75800, 0x0000016388b78000, 0x0000016388b7a800,
0x0000016388b75000, 0x0000016388b7b800, 0x0000016388b76800, 0x0000016388b77800,
0x000001638c68d000, 0x000001638c689800, 0x000001638c68f800, 0x000001638c690000,
0x000001638c691000, 0x000001638c68c000, 0x000001638c692800, 0x000001638c693800,
0x000001638c698800, 0x000001638c696800, 0x000001638c695000, 0x000001638c697800,
0x000001638c696000, 0x000001638d80d800, 0x000001638d80e000, 0x000001638d80f000,
0x000001638d810000, 0x000001638d810800, 0x000001638d80b000, 0x000001638d811800,
0x000001638d80c000, 0x000001638d812800, 0x000001638d80c800, 0x000001638d817000,
0x000001638d818000, 0x000001638d819000, 0x000001638d813000, 0x000001638d819800,
0x000001638d814000, 0x000001638d815000, 0x000001638d815800, 0x000001638d816800,
0x000001638a1db000, 0x000001638a1e0000, 0x000001638a1dd800, 0x000001638a1df000,
0x000001638a1e1000, 0x000001638a1e1800, 0x000001638a1dd000, 0x000001638a1dc000,
0x000001638a1e4000, 0x000001638a1e2800, 0x000001638a1e3800, 0x000001638a1de800,
0x000001638a1e5800, 0x000001638a1e7800, 0x000001638a1e5000, 0x000001638a1e8000,
0x000001638a1e9000, 0x000001638a1ea000, 0x000001638a1e6800, 0x000001638d729000,
0x000001638d724000, 0x000001638d726800, 0x000001638d723800, 0x000001638d727800,
0x000001638d72a000, 0x000001638d72a800, 0x000001638d725000, 0x000001638d725800,
0x000001638d72c800, 0x000001638d728000, 0x000001638d72e800, 0x000001638d72f800,
0x000001638d72e000, 0x000001638d730800, 0x000001638d731000, 0x000001638d72b800,
0x000001638d732000, 0x000001638d72d000, 0x000001638a323800, 0x000001638a326000,
0x000001638a321000, 0x000001638a321800, 0x000001638a324000, 0x000001638a325000,
0x000001638a320000, 0x000001638a326800, 0x000001638a327800, 0x000001638a328000,
0x000001638a322800, 0x000001638a32b800, 0x000001638a32a000, 0x000001638a329000,
0x000001638a32a800, 0x000001638a32c800, 0x000001638a32d000, 0x000001638a32e000,
0x000001638a32e800, 0x000001638d2aa000, 0x000001638d2af000, 0x000001638d2a9000,
0x000001638d2b0000, 0x000001638d2b0800, 0x000001638d2ab800, 0x000001638d2ac800,
0x000001638d2b4000, 0x000001638d2b2000, 0x000001638d2ae000, 0x000001638d2b3000,
0x000001638d2b4800, 0x000001638d2b6800, 0x000001638d2b1800
}

Java Threads: ( => current thread )
  0x00000163eb1de000 JavaThread "main" [_thread_blocked, id=19820, stack(0x0000002ca4500000,0x0000002ca4600000)]
  0x00000163ffe6d000 JavaThread "Reference Handler" daemon [_thread_blocked, id=19532, stack(0x0000002ca4c00000,0x0000002ca4d00000)]
  0x00000163ffe6e800 JavaThread "Finalizer" daemon [_thread_blocked, id=19724, stack(0x0000002ca4d00000,0x0000002ca4e00000)]
  0x000001638688f000 JavaThread "Signal Dispatcher" daemon [_thread_blocked, id=15104, stack(0x0000002ca4e00000,0x0000002ca4f00000)]
  0x0000016386890000 JavaThread "Attach Listener" daemon [_thread_blocked, id=19796, stack(0x0000002ca4f00000,0x0000002ca5000000)]
  0x0000016386892000 JavaThread "Service Thread" daemon [_thread_blocked, id=16816, stack(0x0000002ca5000000,0x0000002ca5100000)]
=>0x0000016386895800 JavaThread "C2 CompilerThread0" daemon [_thread_in_native, id=13000, stack(0x0000002ca5100000,0x0000002ca5200000)]
  0x000001638689e800 JavaThread "C1 CompilerThread0" daemon [_thread_blocked, id=12080, stack(0x0000002ca5200000,0x0000002ca5300000)]
  0x00000163868a5000 JavaThread "Sweeper thread" daemon [_thread_blocked, id=18876, stack(0x0000002ca5300000,0x0000002ca5400000)]
  0x0000016386a11800 JavaThread "Common-Cleaner" daemon [_thread_blocked, id=16704, stack(0x0000002ca5400000,0x0000002ca5500000)]
  0x0000016387ee1000 JavaThread "Daemon health stats" [_thread_blocked, id=20136, stack(0x0000002ca5d00000,0x0000002ca5e00000)]
  0x0000016388ac8000 JavaThread "Incoming local TCP Connector on port 58507" [_thread_in_native, id=2596, stack(0x0000002ca5600000,0x0000002ca5700000)]
  0x00000163880db800 JavaThread "Daemon periodic checks" [_thread_blocked, id=9636, stack(0x0000002ca5700000,0x0000002ca5800000)]
  0x0000016387a32800 JavaThread "Daemon" [_thread_blocked, id=12516, stack(0x0000002ca5e00000,0x0000002ca5f00000)]
  0x0000016388bb1000 JavaThread "Handler for socket connection from /127.0.0.1:58507 to /127.0.0.1:58508" [_thread_in_native, id=19416, stack(0x0000002ca5f00000,0x0000002ca6000000)]
  0x00000163895c9000 JavaThread "Cancel handler" [_thread_blocked, id=10672, stack(0x0000002ca6000000,0x0000002ca6100000)]
  0x0000016388d7f800 JavaThread "Daemon worker" [_thread_blocked, id=8368, stack(0x0000002ca6100000,0x0000002ca6200000)]
  0x0000016387c24000 JavaThread "Asynchronous log dispatcher for DefaultDaemonConnection: socket connection from /127.0.0.1:58507 to /127.0.0.1:58508" [_thread_blocked, id=7536, stack(0x0000002ca6200000,0x0000002ca6300000)]
  0x00000163897d7000 JavaThread "Stdin handler" [_thread_blocked, id=14060, stack(0x0000002ca6300000,0x0000002ca6400000)]
  0x0000016388b79000 JavaThread "Daemon client event forwarder" [_thread_blocked, id=8520, stack(0x0000002ca6400000,0x0000002ca6500000)]
  0x0000016388b7a000 JavaThread "Cache worker for journal cache (C:\Users\Asus\.gradle\caches\journal-1)" [_thread_blocked, id=10540, stack(0x0000002ca6700000,0x0000002ca6800000)]
  0x0000016388b75800 JavaThread "File lock request listener" [_thread_in_native, id=15728, stack(0x0000002ca6800000,0x0000002ca6900000)]
  0x0000016388b78000 JavaThread "Cache worker for file hash cache (C:\Users\Asus\.gradle\caches\7.3.3\fileHashes)" [_thread_blocked, id=16444, stack(0x0000002ca6900000,0x0000002ca6a00000)]
  0x0000016388b7a800 JavaThread "Cache worker for file hash cache (C:\Users\Asus\AndroidStudioProjects\NQ\.gradle\7.3.3\fileHashes)" [_thread_blocked, id=1068, stack(0x0000002ca6c00000,0x0000002ca6d00000)]
  0x0000016388b75000 JavaThread "File watcher server" daemon [_thread_in_native, id=9380, stack(0x0000002ca6e00000,0x0000002ca6f00000)]
  0x0000016388b7b800 JavaThread "File watcher consumer" daemon [_thread_blocked, id=5764, stack(0x0000002ca6f00000,0x0000002ca7000000)]
  0x0000016388b76800 JavaThread "Cache worker for checksums cache (C:\Users\Asus\AndroidStudioProjects\NQ\.gradle\7.3.3\checksums)" [_thread_blocked, id=8052, stack(0x0000002ca7000000,0x0000002ca7100000)]
  0x0000016388b77800 JavaThread "Cache worker for cache directory md-supplier (C:\Users\Asus\.gradle\caches\7.3.3\md-supplier)" [_thread_blocked, id=9324, stack(0x0000002ca7100000,0x0000002ca7200000)]
  0x000001638c68d000 JavaThread "Cache worker for cache directory md-rule (C:\Users\Asus\.gradle\caches\7.3.3\md-rule)" [_thread_blocked, id=16712, stack(0x0000002ca7200000,0x0000002ca7300000)]
  0x000001638c689800 JavaThread "Cache worker for execution history cache (C:\Users\Asus\.gradle\caches\7.3.3\executionHistory)" [_thread_blocked, id=19752, stack(0x0000002ca7300000,0x0000002ca7400000)]
  0x000001638c68f800 JavaThread "jar transforms" [_thread_blocked, id=19420, stack(0x0000002ca7400000,0x0000002ca7500000)]
  0x000001638c690000 JavaThread "Cache worker for file content cache (C:\Users\Asus\.gradle\caches\7.3.3\fileContent)" [_thread_blocked, id=524, stack(0x0000002ca7500000,0x0000002ca7600000)]
  0x000001638c691000 JavaThread "jar transforms Thread 2" [_thread_blocked, id=4720, stack(0x0000002ca7600000,0x0000002ca7700000)]
  0x000001638c68c000 JavaThread "Cache worker for dependencies-accessors (C:\Users\Asus\AndroidStudioProjects\NQ\.gradle\7.3.3\dependencies-accessors)" [_thread_blocked, id=1620, stack(0x0000002ca7700000,0x0000002ca7800000)]
  0x000001638c692800 JavaThread "jar transforms Thread 3" [_thread_blocked, id=11168, stack(0x0000002ca7800000,0x0000002ca7900000)]
  0x000001638c693800 JavaThread "Cache worker for Build Output Cleanup Cache (C:\Users\Asus\AndroidStudioProjects\NQ\.gradle\buildOutputCleanup)" [_thread_blocked, id=11704, stack(0x0000002ca6b00000,0x0000002ca6c00000)]
  0x000001638c698800 JavaThread "Unconstrained build operations" [_thread_blocked, id=9288, stack(0x0000002ca7a00000,0x0000002ca7b00000)]
  0x000001638c696800 JavaThread "Unconstrained build operations Thread 2" [_thread_blocked, id=14520, stack(0x0000002ca7b00000,0x0000002ca7c00000)]
  0x000001638c695000 JavaThread "Unconstrained build operations Thread 3" [_thread_blocked, id=17936, stack(0x0000002ca7c00000,0x0000002ca7d00000)]
  0x000001638c697800 JavaThread "Unconstrained build operations Thread 4" [_thread_blocked, id=14480, stack(0x0000002ca7d00000,0x0000002ca7e00000)]
  0x000001638c696000 JavaThread "Unconstrained build operations Thread 5" [_thread_blocked, id=17680, stack(0x0000002ca7e00000,0x0000002ca7f00000)]
  0x000001638d80d800 JavaThread "Unconstrained build operations Thread 6" [_thread_blocked, id=9120, stack(0x0000002ca7f00000,0x0000002ca8000000)]
  0x000001638d80e000 JavaThread "Unconstrained build operations Thread 7" [_thread_blocked, id=16072, stack(0x0000002ca8000000,0x0000002ca8100000)]
  0x000001638d80f000 JavaThread "Unconstrained build operations Thread 8" [_thread_blocked, id=8168, stack(0x0000002ca8100000,0x0000002ca8200000)]
  0x000001638d810000 JavaThread "Unconstrained build operations Thread 9" [_thread_blocked, id=13040, stack(0x0000002ca8200000,0x0000002ca8300000)]
  0x000001638d810800 JavaThread "Unconstrained build operations Thread 10" [_thread_blocked, id=2432, stack(0x0000002ca8300000,0x0000002ca8400000)]
  0x000001638d80b000 JavaThread "Unconstrained build operations Thread 11" [_thread_blocked, id=20104, stack(0x0000002ca8400000,0x0000002ca8500000)]
  0x000001638d811800 JavaThread "Unconstrained build operations Thread 12" [_thread_blocked, id=11448, stack(0x0000002ca8500000,0x0000002ca8600000)]
  0x000001638d80c000 JavaThread "Unconstrained build operations Thread 13" [_thread_blocked, id=12920, stack(0x0000002ca8600000,0x0000002ca8700000)]
  0x000001638d812800 JavaThread "Unconstrained build operations Thread 14" [_thread_blocked, id=15352, stack(0x0000002ca8700000,0x0000002ca8800000)]
  0x000001638d80c800 JavaThread "Unconstrained build operations Thread 15" [_thread_blocked, id=20340, stack(0x0000002ca8800000,0x0000002ca8900000)]
  0x000001638d817000 JavaThread "Unconstrained build operations Thread 16" [_thread_blocked, id=20276, stack(0x0000002ca8900000,0x0000002ca8a00000)]
  0x000001638d818000 JavaThread "Unconstrained build operations Thread 17" [_thread_blocked, id=18308, stack(0x0000002ca8a00000,0x0000002ca8b00000)]
  0x000001638d819000 JavaThread "Unconstrained build operations Thread 18" [_thread_blocked, id=5596, stack(0x0000002ca8b00000,0x0000002ca8c00000)]
  0x000001638d813000 JavaThread "Unconstrained build operations Thread 19" [_thread_blocked, id=17548, stack(0x0000002ca8c00000,0x0000002ca8d00000)]
  0x000001638d819800 JavaThread "Unconstrained build operations Thread 20" [_thread_blocked, id=11260, stack(0x0000002ca8d00000,0x0000002ca8e00000)]
  0x000001638d814000 JavaThread "Unconstrained build operations Thread 21" [_thread_blocked, id=13496, stack(0x0000002ca8e00000,0x0000002ca8f00000)]
  0x000001638d815000 JavaThread "Unconstrained build operations Thread 22" [_thread_blocked, id=16728, stack(0x0000002ca8f00000,0x0000002ca9000000)]
  0x000001638d815800 JavaThread "Unconstrained build operations Thread 23" [_thread_blocked, id=2616, stack(0x0000002ca9000000,0x0000002ca9100000)]
  0x000001638d816800 JavaThread "Unconstrained build operations Thread 24" [_thread_blocked, id=10200, stack(0x0000002ca9100000,0x0000002ca9200000)]
  0x000001638a1db000 JavaThread "Unconstrained build operations Thread 25" [_thread_blocked, id=5584, stack(0x0000002ca9200000,0x0000002ca9300000)]
  0x000001638a1e0000 JavaThread "Unconstrained build operations Thread 26" [_thread_blocked, id=14492, stack(0x0000002ca9300000,0x0000002ca9400000)]
  0x000001638a1dd800 JavaThread "Unconstrained build operations Thread 27" [_thread_blocked, id=16116, stack(0x0000002ca9400000,0x0000002ca9500000)]
  0x000001638a1df000 JavaThread "Unconstrained build operations Thread 28" [_thread_blocked, id=15968, stack(0x0000002ca9500000,0x0000002ca9600000)]
  0x000001638a1e1000 JavaThread "Unconstrained build operations Thread 29" [_thread_blocked, id=4020, stack(0x0000002ca9600000,0x0000002ca9700000)]
  0x000001638a1e1800 JavaThread "Unconstrained build operations Thread 30" [_thread_blocked, id=1760, stack(0x0000002ca9700000,0x0000002ca9800000)]
  0x000001638a1dd000 JavaThread "Unconstrained build operations Thread 31" [_thread_blocked, id=1036, stack(0x0000002ca9800000,0x0000002ca9900000)]
  0x000001638a1dc000 JavaThread "Unconstrained build operations Thread 32" [_thread_blocked, id=11492, stack(0x0000002ca9900000,0x0000002ca9a00000)]
  0x000001638a1e4000 JavaThread "Unconstrained build operations Thread 33" [_thread_blocked, id=8780, stack(0x0000002ca9a00000,0x0000002ca9b00000)]
  0x000001638a1e2800 JavaThread "Unconstrained build operations Thread 34" [_thread_blocked, id=16168, stack(0x0000002ca9b00000,0x0000002ca9c00000)]
  0x000001638a1e3800 JavaThread "Unconstrained build operations Thread 35" [_thread_blocked, id=1912, stack(0x0000002ca9c00000,0x0000002ca9d00000)]
  0x000001638a1de800 JavaThread "Unconstrained build operations Thread 36" [_thread_blocked, id=18476, stack(0x0000002ca9d00000,0x0000002ca9e00000)]
  0x000001638a1e5800 JavaThread "Unconstrained build operations Thread 37" [_thread_blocked, id=18728, stack(0x0000002ca9e00000,0x0000002ca9f00000)]
  0x000001638a1e7800 JavaThread "Unconstrained build operations Thread 38" [_thread_blocked, id=1104, stack(0x0000002ca9f00000,0x0000002caa000000)]
  0x000001638a1e5000 JavaThread "Unconstrained build operations Thread 39" [_thread_blocked, id=4336, stack(0x0000002caa000000,0x0000002caa100000)]
  0x000001638a1e8000 JavaThread "Unconstrained build operations Thread 40" [_thread_blocked, id=8620, stack(0x0000002caa100000,0x0000002caa200000)]
  0x000001638a1e9000 JavaThread "Unconstrained build operations Thread 41" [_thread_blocked, id=19160, stack(0x0000002caa200000,0x0000002caa300000)]
  0x000001638a1ea000 JavaThread "Unconstrained build operations Thread 42" [_thread_blocked, id=3932, stack(0x0000002caa300000,0x0000002caa400000)]
  0x000001638a1e6800 JavaThread "Unconstrained build operations Thread 43" [_thread_blocked, id=12548, stack(0x0000002caa400000,0x0000002caa500000)]
  0x000001638d729000 JavaThread "Unconstrained build operations Thread 44" [_thread_blocked, id=9192, stack(0x0000002caa500000,0x0000002caa600000)]
  0x000001638d724000 JavaThread "Unconstrained build operations Thread 45" [_thread_blocked, id=17424, stack(0x0000002caa600000,0x0000002caa700000)]
  0x000001638d726800 JavaThread "Unconstrained build operations Thread 46" [_thread_blocked, id=1048, stack(0x0000002caa700000,0x0000002caa800000)]
  0x000001638d723800 JavaThread "Unconstrained build operations Thread 47" [_thread_blocked, id=12004, stack(0x0000002caa800000,0x0000002caa900000)]
  0x000001638d727800 JavaThread "Unconstrained build operations Thread 48" [_thread_blocked, id=20220, stack(0x0000002caa900000,0x0000002caaa00000)]
  0x000001638d72a000 JavaThread "Unconstrained build operations Thread 49" [_thread_blocked, id=19068, stack(0x0000002caaa00000,0x0000002caab00000)]
  0x000001638d72a800 JavaThread "Unconstrained build operations Thread 50" [_thread_blocked, id=1556, stack(0x0000002caab00000,0x0000002caac00000)]
  0x000001638d725000 JavaThread "Unconstrained build operations Thread 51" [_thread_blocked, id=14596, stack(0x0000002caac00000,0x0000002caad00000)]
  0x000001638d725800 JavaThread "Unconstrained build operations Thread 52" [_thread_blocked, id=18664, stack(0x0000002caad00000,0x0000002caae00000)]
  0x000001638d72c800 JavaThread "Unconstrained build operations Thread 53" [_thread_blocked, id=9308, stack(0x0000002caae00000,0x0000002caaf00000)]
  0x000001638d728000 JavaThread "Unconstrained build operations Thread 54" [_thread_blocked, id=3116, stack(0x0000002caaf00000,0x0000002cab000000)]
  0x000001638d72e800 JavaThread "Unconstrained build operations Thread 55" [_thread_blocked, id=14348, stack(0x0000002cab000000,0x0000002cab100000)]
  0x000001638d72f800 JavaThread "Unconstrained build operations Thread 56" [_thread_blocked, id=19304, stack(0x0000002cab100000,0x0000002cab200000)]
  0x000001638d72e000 JavaThread "Unconstrained build operations Thread 57" [_thread_blocked, id=10132, stack(0x0000002cab200000,0x0000002cab300000)]
  0x000001638d730800 JavaThread "Unconstrained build operations Thread 58" [_thread_blocked, id=19684, stack(0x0000002cab300000,0x0000002cab400000)]
  0x000001638d731000 JavaThread "Unconstrained build operations Thread 59" [_thread_blocked, id=9136, stack(0x0000002cab400000,0x0000002cab500000)]
  0x000001638d72b800 JavaThread "Unconstrained build operations Thread 60" [_thread_blocked, id=19828, stack(0x0000002cab500000,0x0000002cab600000)]
  0x000001638d732000 JavaThread "Unconstrained build operations Thread 61" [_thread_blocked, id=11504, stack(0x0000002cab600000,0x0000002cab700000)]
  0x000001638d72d000 JavaThread "Unconstrained build operations Thread 62" [_thread_blocked, id=20076, stack(0x0000002cab700000,0x0000002cab800000)]
  0x000001638a323800 JavaThread "Unconstrained build operations Thread 63" [_thread_blocked, id=12836, stack(0x0000002cab800000,0x0000002cab900000)]
  0x000001638a326000 JavaThread "Unconstrained build operations Thread 64" [_thread_blocked, id=3532, stack(0x0000002cab900000,0x0000002caba00000)]
  0x000001638a321000 JavaThread "Unconstrained build operations Thread 65" [_thread_blocked, id=7748, stack(0x0000002caba00000,0x0000002cabb00000)]
  0x000001638a321800 JavaThread "Unconstrained build operations Thread 66" [_thread_blocked, id=7756, stack(0x0000002cabb00000,0x0000002cabc00000)]
  0x000001638a324000 JavaThread "Unconstrained build operations Thread 67" [_thread_blocked, id=15280, stack(0x0000002cabc00000,0x0000002cabd00000)]
  0x000001638a325000 JavaThread "Unconstrained build operations Thread 68" [_thread_blocked, id=19900, stack(0x0000002cabd00000,0x0000002cabe00000)]
  0x000001638a320000 JavaThread "Unconstrained build operations Thread 69" [_thread_blocked, id=1416, stack(0x0000002cabe00000,0x0000002cabf00000)]
  0x000001638a326800 JavaThread "Unconstrained build operations Thread 70" [_thread_blocked, id=15436, stack(0x0000002cabf00000,0x0000002cac000000)]
  0x000001638a327800 JavaThread "Unconstrained build operations Thread 71" [_thread_blocked, id=14704, stack(0x0000002cac000000,0x0000002cac100000)]
  0x000001638a328000 JavaThread "Unconstrained build operations Thread 72" [_thread_blocked, id=11416, stack(0x0000002cac100000,0x0000002cac200000)]
  0x000001638a322800 JavaThread "Unconstrained build operations Thread 73" [_thread_blocked, id=4516, stack(0x0000002cac200000,0x0000002cac300000)]
  0x000001638a32b800 JavaThread "Unconstrained build operations Thread 74" [_thread_blocked, id=11804, stack(0x0000002cac300000,0x0000002cac400000)]
  0x000001638a32a000 JavaThread "Unconstrained build operations Thread 75" [_thread_blocked, id=13400, stack(0x0000002cac400000,0x0000002cac500000)]
  0x000001638a329000 JavaThread "Unconstrained build operations Thread 76" [_thread_blocked, id=20128, stack(0x0000002cac500000,0x0000002cac600000)]
  0x000001638a32a800 JavaThread "Unconstrained build operations Thread 77" [_thread_blocked, id=7316, stack(0x0000002cac600000,0x0000002cac700000)]
  0x000001638a32c800 JavaThread "Unconstrained build operations Thread 78" [_thread_blocked, id=20392, stack(0x0000002cac700000,0x0000002cac800000)]
  0x000001638a32d000 JavaThread "Unconstrained build operations Thread 79" [_thread_blocked, id=13104, stack(0x0000002cac800000,0x0000002cac900000)]
  0x000001638a32e000 JavaThread "Unconstrained build operations Thread 80" [_thread_blocked, id=1968, stack(0x0000002cac900000,0x0000002caca00000)]
  0x000001638a32e800 JavaThread "jar transforms Thread 4" [_thread_blocked, id=19604, stack(0x0000002caca00000,0x0000002cacb00000)]
  0x000001638d2aa000 JavaThread "jar transforms Thread 5" [_thread_blocked, id=628, stack(0x0000002cacb00000,0x0000002cacc00000)]
  0x000001638d2af000 JavaThread "jar transforms Thread 6" [_thread_blocked, id=20116, stack(0x0000002cacc00000,0x0000002cacd00000)]
  0x000001638d2a9000 JavaThread "jar transforms Thread 7" [_thread_blocked, id=16280, stack(0x0000002cacd00000,0x0000002cace00000)]
  0x000001638d2b0000 JavaThread "jar transforms Thread 8" [_thread_blocked, id=9580, stack(0x0000002cace00000,0x0000002cacf00000)]
  0x000001638d2b0800 JavaThread "Memory manager" [_thread_blocked, id=2700, stack(0x0000002cad200000,0x0000002cad300000)]
  0x000001638d2ab800 JavaThread "build event listener" [_thread_blocked, id=11648, stack(0x0000002ca7900000,0x0000002ca7a00000)]
  0x000001638d2ac800 JavaThread "Execution worker for ':'" [_thread_blocked, id=18372, stack(0x0000002cad300000,0x0000002cad400000)]
  0x000001638d2b4000 JavaThread "Execution worker for ':' Thread 2" [_thread_blocked, id=15848, stack(0x0000002cad400000,0x0000002cad500000)]
  0x000001638d2b2000 JavaThread "Execution worker for ':' Thread 3" [_thread_in_vm, id=3308, stack(0x0000002cad500000,0x0000002cad600000)]
  0x000001638d2ae000 JavaThread "Execution worker for ':' Thread 4" [_thread_blocked, id=13636, stack(0x0000002cad600000,0x0000002cad700000)]
  0x000001638d2b3000 JavaThread "Execution worker for ':' Thread 5" [_thread_blocked, id=5224, stack(0x0000002cad700000,0x0000002cad800000)]
  0x000001638d2b4800 JavaThread "Execution worker for ':' Thread 6" [_thread_blocked, id=16520, stack(0x0000002cad800000,0x0000002cad900000)]
  0x000001638d2b6800 JavaThread "Execution worker for ':' Thread 7" [_thread_blocked, id=19876, stack(0x0000002cad900000,0x0000002cada00000)]
  0x000001638d2b1800 JavaThread "Cache worker for execution history cache (C:\Users\Asus\AndroidStudioProjects\NQ\.gradle\7.3.3\executionHistory)" [_thread_blocked, id=14400, stack(0x0000002cada00000,0x0000002cadb00000)]

Other Threads:
  0x00000163ffe68800 VMThread "VM Thread" [stack: 0x0000002ca4b00000,0x0000002ca4c00000] [id=19004]
  0x0000016386a1d000 WatcherThread [stack: 0x0000002ca5500000,0x0000002ca5600000] [id=20236]
  0x00000163eb1f7800 GCTaskThread "GC Thread#0" [stack: 0x0000002ca4600000,0x0000002ca4700000] [id=1044]
  0x0000016387251000 GCTaskThread "GC Thread#1" [stack: 0x0000002ca5800000,0x0000002ca5900000] [id=15900]
  0x0000016387798800 GCTaskThread "GC Thread#2" [stack: 0x0000002ca5900000,0x0000002ca5a00000] [id=13388]
  0x000001638773a800 GCTaskThread "GC Thread#3" [stack: 0x0000002ca5a00000,0x0000002ca5b00000] [id=12960]
  0x00000163878af000 GCTaskThread "GC Thread#4" [stack: 0x0000002ca5b00000,0x0000002ca5c00000] [id=10772]
  0x000001638771a000 GCTaskThread "GC Thread#5" [stack: 0x0000002ca5c00000,0x0000002ca5d00000] [id=5332]
  0x0000016388bda000 GCTaskThread "GC Thread#6" [stack: 0x0000002ca6500000,0x0000002ca6600000] [id=8240]
  0x0000016389b5f000 GCTaskThread "GC Thread#7" [stack: 0x0000002ca6600000,0x0000002ca6700000] [id=19276]
  0x00000163eb227800 ConcurrentGCThread "G1 Main Marker" [stack: 0x0000002ca4700000,0x0000002ca4800000] [id=15176]
  0x00000163eb22a000 ConcurrentGCThread "G1 Conc#0" [stack: 0x0000002ca4800000,0x0000002ca4900000] [id=19640]
  0x00000163890ca000 ConcurrentGCThread "G1 Conc#1" [stack: 0x0000002ca6a00000,0x0000002ca6b00000] [id=6412]
  0x00000163ffce6800 ConcurrentGCThread "G1 Refine#0" [stack: 0x0000002ca4900000,0x0000002ca4a00000] [id=6552]
  0x0000016388c8f800 ConcurrentGCThread "G1 Refine#1" [stack: 0x0000002cacf00000,0x0000002cad000000] [id=19292]
  0x0000016389954000 ConcurrentGCThread "G1 Refine#2" [stack: 0x0000002cad000000,0x0000002cad100000] [id=10560]
  0x0000016388d59800 ConcurrentGCThread "G1 Refine#3" [stack: 0x0000002cad100000,0x0000002cad200000] [id=18680]
  0x00000163ffce7000 ConcurrentGCThread "G1 Young RemSet Sampling" [stack: 0x0000002ca4a00000,0x0000002ca4b00000] [id=6992]

Threads with active compile tasks:
C2 CompilerThread0  23823 11258   !   4       java.net.URL::<init> (543 bytes)

VM state:not at safepoint (normal execution)

VM Mutex/Monitor currently owned by a thread: None

Heap address: 0x0000000080000000, size: 2048 MB, Compressed Oops mode: 32-bit
Narrow klass base: 0x0000000000000000, Narrow klass shift: 3
Compressed class space size: 1073741824 Address: 0x0000000100000000

Heap:
 garbage-first heap   total 260096K, used 185226K [0x0000000080000000, 0x0000000100000000)
  region size 1024K, 95 young (97280K), 9 survivors (9216K)
 Metaspace       used 91353K, capacity 93726K, committed 94080K, reserved 1130496K
  class space    used 11931K, capacity 12805K, committed 12928K, reserved 1048576K
Heap Regions: E=young(eden), S=young(survivor), O=old, HS=humongous(starts), HC=humongous(continues), CS=collection set, F=free, A=archive, TAMS=top-at-mark-start (previous, next)
|   0|0x0000000080000000, 0x0000000080100000, 0x0000000080100000|100%| O|  |TAMS 0x0000000080100000, 0x0000000080000000| Untracked 
|   1|0x0000000080100000, 0x0000000080200000, 0x0000000080200000|100%| O|  |TAMS 0x0000000080200000, 0x0000000080100000| Untracked 
|   2|0x0000000080200000, 0x0000000080300000, 0x0000000080300000|100%| O|  |TAMS 0x0000000080300000, 0x0000000080200000| Untracked 
|   3|0x0000000080300000, 0x0000000080400000, 0x0000000080400000|100%|HS|  |TAMS 0x0000000080400000, 0x0000000080300000| Complete 
|   4|0x0000000080400000, 0x0000000080500000, 0x0000000080500000|100%|HC|  |TAMS 0x0000000080500000, 0x0000000080400000| Complete 
|   5|0x0000000080500000, 0x0000000080600000, 0x0000000080600000|100%|HC|  |TAMS 0x0000000080600000, 0x0000000080500000| Complete 
|   6|0x0000000080600000, 0x0000000080700000, 0x0000000080700000|100%| O|  |TAMS 0x0000000080700000, 0x0000000080600000| Untracked 
|   7|0x0000000080700000, 0x0000000080800000, 0x0000000080800000|100%| O|  |TAMS 0x0000000080800000, 0x0000000080700000| Untracked 
|   8|0x0000000080800000, 0x0000000080900000, 0x0000000080900000|100%| O|  |TAMS 0x0000000080900000, 0x0000000080800000| Untracked 
|   9|0x0000000080900000, 0x0000000080a00000, 0x0000000080a00000|100%| O|  |TAMS 0x0000000080a00000, 0x0000000080900000| Untracked 
|  10|0x0000000080a00000, 0x0000000080b00000, 0x0000000080b00000|100%| O|  |TAMS 0x0000000080b00000, 0x0000000080a00000| Untracked 
|  11|0x0000000080b00000, 0x0000000080c00000, 0x0000000080c00000|100%| O|  |TAMS 0x0000000080c00000, 0x0000000080b00000| Untracked 
|  12|0x0000000080c00000, 0x0000000080d00000, 0x0000000080d00000|100%| O|  |TAMS 0x0000000080d00000, 0x0000000080c00000| Untracked 
|  13|0x0000000080d00000, 0x0000000080e00000, 0x0000000080e00000|100%| O|  |TAMS 0x0000000080e00000, 0x0000000080d00000| Untracked 
|  14|0x0000000080e00000, 0x0000000080f00000, 0x0000000080f00000|100%| O|  |TAMS 0x0000000080f00000, 0x0000000080e00000| Untracked 
|  15|0x0000000080f00000, 0x0000000081000000, 0x0000000081000000|100%| O|  |TAMS 0x0000000081000000, 0x0000000080f00000| Untracked 
|  16|0x0000000081000000, 0x0000000081100000, 0x0000000081100000|100%| O|  |TAMS 0x0000000081100000, 0x0000000081000000| Untracked 
|  17|0x0000000081100000, 0x0000000081200000, 0x0000000081200000|100%|HS|  |TAMS 0x0000000081200000, 0x0000000081100000| Complete 
|  18|0x0000000081200000, 0x0000000081300000, 0x0000000081300000|100%|HS|  |TAMS 0x0000000081300000, 0x0000000081200000| Complete 
|  19|0x0000000081300000, 0x0000000081400000, 0x0000000081400000|100%|HS|  |TAMS 0x0000000081400000, 0x0000000081300000| Complete 
|  20|0x0000000081400000, 0x0000000081500000, 0x0000000081500000|100%|HS|  |TAMS 0x0000000081500000, 0x0000000081400000| Complete 
|  21|0x0000000081500000, 0x0000000081600000, 0x0000000081600000|100%|HC|  |TAMS 0x0000000081600000, 0x0000000081500000| Complete 
|  22|0x0000000081600000, 0x0000000081700000, 0x0000000081700000|100%|HC|  |TAMS 0x0000000081700000, 0x0000000081600000| Complete 
|  23|0x0000000081700000, 0x0000000081800000, 0x0000000081800000|100%|HS|  |TAMS 0x0000000081800000, 0x0000000081700000| Complete 
|  24|0x0000000081800000, 0x0000000081900000, 0x0000000081900000|100%|HC|  |TAMS 0x0000000081900000, 0x0000000081800000| Complete 
|  25|0x0000000081900000, 0x0000000081a00000, 0x0000000081a00000|100%| O|  |TAMS 0x0000000081a00000, 0x0000000081900000| Untracked 
|  26|0x0000000081a00000, 0x0000000081b00000, 0x0000000081b00000|100%| O|  |TAMS 0x0000000081b00000, 0x0000000081a00000| Untracked 
|  27|0x0000000081b00000, 0x0000000081c00000, 0x0000000081c00000|100%| O|  |TAMS 0x0000000081c00000, 0x0000000081b00000| Untracked 
|  28|0x0000000081c00000, 0x0000000081d00000, 0x0000000081d00000|100%| O|  |TAMS 0x0000000081d00000, 0x0000000081c00000| Untracked 
|  29|0x0000000081d00000, 0x0000000081e00000, 0x0000000081e00000|100%| O|  |TAMS 0x0000000081e00000, 0x0000000081d00000| Untracked 
|  30|0x0000000081e00000, 0x0000000081f00000, 0x0000000081f00000|100%| O|  |TAMS 0x0000000081f00000, 0x0000000081e00000| Untracked 
|  31|0x0000000081f00000, 0x0000000082000000, 0x0000000082000000|100%| O|  |TAMS 0x0000000082000000, 0x0000000081f00000| Untracked 
|  32|0x0000000082000000, 0x0000000082100000, 0x0000000082100000|100%| O|  |TAMS 0x0000000082100000, 0x0000000082000000| Untracked 
|  33|0x0000000082100000, 0x0000000082200000, 0x0000000082200000|100%| O|  |TAMS 0x0000000082200000, 0x0000000082100000| Untracked 
|  34|0x0000000082200000, 0x0000000082300000, 0x0000000082300000|100%| O|  |TAMS 0x0000000082300000, 0x0000000082200000| Untracked 
|  35|0x0000000082300000, 0x0000000082400000, 0x0000000082400000|100%| O|  |TAMS 0x0000000082400000, 0x0000000082300000| Untracked 
|  36|0x0000000082400000, 0x0000000082500000, 0x0000000082500000|100%| O|  |TAMS 0x0000000082500000, 0x0000000082400000| Untracked 
|  37|0x0000000082500000, 0x0000000082600000, 0x0000000082600000|100%| O|  |TAMS 0x0000000082600000, 0x0000000082500000| Untracked 
|  38|0x0000000082600000, 0x0000000082700000, 0x0000000082700000|100%| O|  |TAMS 0x0000000082700000, 0x0000000082600000| Untracked 
|  39|0x0000000082700000, 0x0000000082800000, 0x0000000082800000|100%| O|  |TAMS 0x0000000082800000, 0x0000000082700000| Untracked 
|  40|0x0000000082800000, 0x0000000082900000, 0x0000000082900000|100%| O|  |TAMS 0x0000000082900000, 0x0000000082800000| Untracked 
|  41|0x0000000082900000, 0x0000000082a00000, 0x0000000082a00000|100%| O|  |TAMS 0x0000000082a00000, 0x0000000082900000| Untracked 
|  42|0x0000000082a00000, 0x0000000082b00000, 0x0000000082b00000|100%| O|  |TAMS 0x0000000082b00000, 0x0000000082a00000| Untracked 
|  43|0x0000000082b00000, 0x0000000082c00000, 0x0000000082c00000|100%| O|  |TAMS 0x0000000082c00000, 0x0000000082b00000| Untracked 
|  44|0x0000000082c00000, 0x0000000082d00000, 0x0000000082d00000|100%| O|  |TAMS 0x0000000082d00000, 0x0000000082c00000| Untracked 
|  45|0x0000000082d00000, 0x0000000082e00000, 0x0000000082e00000|100%| O|  |TAMS 0x0000000082e00000, 0x0000000082d00000| Untracked 
|  46|0x0000000082e00000, 0x0000000082f00000, 0x0000000082f00000|100%| O|  |TAMS 0x0000000082f00000, 0x0000000082e00000| Untracked 
|  47|0x0000000082f00000, 0x0000000083000000, 0x0000000083000000|100%| O|  |TAMS 0x0000000083000000, 0x0000000082f00000| Untracked 
|  48|0x0000000083000000, 0x0000000083100000, 0x0000000083100000|100%| O|  |TAMS 0x0000000083100000, 0x0000000083000000| Untracked 
|  49|0x0000000083100000, 0x0000000083200000, 0x0000000083200000|100%| O|  |TAMS 0x00000000831c7c00, 0x0000000083100000| Untracked 
|  50|0x0000000083200000, 0x0000000083300000, 0x0000000083300000|100%| O|  |TAMS 0x0000000083200000, 0x0000000083200000| Untracked 
|  51|0x0000000083300000, 0x0000000083400000, 0x0000000083400000|100%| O|  |TAMS 0x0000000083300000, 0x0000000083300000| Untracked 
|  52|0x0000000083400000, 0x0000000083500000, 0x0000000083500000|100%| O|  |TAMS 0x0000000083400000, 0x0000000083400000| Untracked 
|  53|0x0000000083500000, 0x0000000083600000, 0x0000000083600000|100%| O|  |TAMS 0x0000000083500000, 0x0000000083500000| Untracked 
|  54|0x0000000083600000, 0x0000000083700000, 0x0000000083700000|100%| O|  |TAMS 0x0000000083600000, 0x0000000083600000| Untracked 
|  55|0x0000000083700000, 0x0000000083800000, 0x0000000083800000|100%| O|  |TAMS 0x0000000083700000, 0x0000000083700000| Untracked 
|  56|0x0000000083800000, 0x0000000083900000, 0x0000000083900000|100%| O|  |TAMS 0x0000000083800000, 0x0000000083800000| Untracked 
|  57|0x0000000083900000, 0x0000000083a00000, 0x0000000083a00000|100%| O|  |TAMS 0x0000000083900000, 0x0000000083900000| Untracked 
|  58|0x0000000083a00000, 0x0000000083b00000, 0x0000000083b00000|100%| O|  |TAMS 0x0000000083a00000, 0x0000000083a00000| Untracked 
|  59|0x0000000083b00000, 0x0000000083c00000, 0x0000000083c00000|100%| O|  |TAMS 0x0000000083b00000, 0x0000000083b00000| Untracked 
|  60|0x0000000083c00000, 0x0000000083d00000, 0x0000000083d00000|100%| O|  |TAMS 0x0000000083c00000, 0x0000000083c00000| Untracked 
|  61|0x0000000083d00000, 0x0000000083e00000, 0x0000000083e00000|100%| O|  |TAMS 0x0000000083d00000, 0x0000000083d00000| Untracked 
|  62|0x0000000083e00000, 0x0000000083f00000, 0x0000000083f00000|100%| O|  |TAMS 0x0000000083e00000, 0x0000000083e00000| Untracked 
|  63|0x0000000083f00000, 0x0000000084000000, 0x0000000084000000|100%| O|  |TAMS 0x0000000083f00000, 0x0000000083f00000| Untracked 
|  64|0x0000000084000000, 0x0000000084100000, 0x0000000084100000|100%| O|  |TAMS 0x0000000084000000, 0x0000000084000000| Untracked 
|  65|0x0000000084100000, 0x0000000084200000, 0x0000000084200000|100%| O|  |TAMS 0x0000000084100000, 0x0000000084100000| Untracked 
|  66|0x0000000084200000, 0x0000000084300000, 0x0000000084300000|100%| O|  |TAMS 0x0000000084200000, 0x0000000084200000| Untracked 
|  67|0x0000000084300000, 0x0000000084400000, 0x0000000084400000|100%| O|  |TAMS 0x0000000084300000, 0x0000000084300000| Untracked 
|  68|0x0000000084400000, 0x0000000084500000, 0x0000000084500000|100%| O|  |TAMS 0x0000000084400000, 0x0000000084400000| Untracked 
|  69|0x0000000084500000, 0x0000000084600000, 0x0000000084600000|100%| O|  |TAMS 0x0000000084500000, 0x0000000084500000| Untracked 
|  70|0x0000000084600000, 0x0000000084700000, 0x0000000084700000|100%| O|  |TAMS 0x0000000084600000, 0x0000000084600000| Untracked 
|  71|0x0000000084700000, 0x0000000084800000, 0x0000000084800000|100%| O|  |TAMS 0x0000000084700000, 0x0000000084700000| Untracked 
|  72|0x0000000084800000, 0x0000000084900000, 0x0000000084900000|100%| O|  |TAMS 0x0000000084800000, 0x0000000084800000| Untracked 
|  73|0x0000000084900000, 0x0000000084a00000, 0x0000000084a00000|100%| O|  |TAMS 0x0000000084900000, 0x0000000084900000| Untracked 
|  74|0x0000000084a00000, 0x0000000084b00000, 0x0000000084b00000|100%| O|  |TAMS 0x0000000084a00000, 0x0000000084a00000| Untracked 
|  75|0x0000000084b00000, 0x0000000084c00000, 0x0000000084c00000|100%| O|  |TAMS 0x0000000084b00000, 0x0000000084b00000| Untracked 
|  76|0x0000000084c00000, 0x0000000084d00000, 0x0000000084d00000|100%| O|  |TAMS 0x0000000084c00000, 0x0000000084c00000| Untracked 
|  77|0x0000000084d00000, 0x0000000084e00000, 0x0000000084e00000|100%| O|  |TAMS 0x0000000084d00000, 0x0000000084d00000| Untracked 
|  78|0x0000000084e00000, 0x0000000084f00000, 0x0000000084f00000|100%| O|  |TAMS 0x0000000084e00000, 0x0000000084e00000| Untracked 
|  79|0x0000000084f00000, 0x0000000085000000, 0x0000000085000000|100%| O|  |TAMS 0x0000000084f00000, 0x0000000084f00000| Untracked 
|  80|0x0000000085000000, 0x0000000085100000, 0x0000000085100000|100%| O|  |TAMS 0x0000000085000000, 0x0000000085000000| Untracked 
|  81|0x0000000085100000, 0x0000000085200000, 0x0000000085200000|100%| O|  |TAMS 0x0000000085100000, 0x0000000085100000| Untracked 
|  82|0x0000000085200000, 0x0000000085300000, 0x0000000085300000|100%| O|  |TAMS 0x0000000085200000, 0x0000000085200000| Untracked 
|  83|0x0000000085300000, 0x0000000085400000, 0x0000000085400000|100%| O|  |TAMS 0x0000000085300000, 0x0000000085300000| Untracked 
|  84|0x0000000085400000, 0x0000000085500000, 0x0000000085500000|100%| O|  |TAMS 0x0000000085400000, 0x0000000085400000| Untracked 
|  85|0x0000000085500000, 0x0000000085600000, 0x0000000085600000|100%| O|  |TAMS 0x0000000085500000, 0x0000000085500000| Untracked 
|  86|0x0000000085600000, 0x0000000085700000, 0x0000000085700000|100%| O|  |TAMS 0x0000000085600000, 0x0000000085600000| Untracked 
|  87|0x0000000085700000, 0x00000000857e2a00, 0x0000000085800000| 88%| O|  |TAMS 0x0000000085700000, 0x0000000085700000| Untracked 
|  88|0x0000000085800000, 0x0000000085800000, 0x0000000085900000|  0%| F|  |TAMS 0x0000000085800000, 0x0000000085800000| Untracked 
|  89|0x0000000085900000, 0x0000000085900000, 0x0000000085a00000|  0%| F|  |TAMS 0x0000000085900000, 0x0000000085900000| Untracked 
|  90|0x0000000085a00000, 0x0000000085a00000, 0x0000000085b00000|  0%| F|  |TAMS 0x0000000085a00000, 0x0000000085a00000| Untracked 
|  91|0x0000000085b00000, 0x0000000085b00000, 0x0000000085c00000|  0%| F|  |TAMS 0x0000000085b00000, 0x0000000085b00000| Untracked 
|  92|0x0000000085c00000, 0x0000000085c00000, 0x0000000085d00000|  0%| F|  |TAMS 0x0000000085c00000, 0x0000000085c00000| Untracked 
|  93|0x0000000085d00000, 0x0000000085d00000, 0x0000000085e00000|  0%| F|  |TAMS 0x0000000085d00000, 0x0000000085d00000| Untracked 
|  94|0x0000000085e00000, 0x0000000085e00000, 0x0000000085f00000|  0%| F|  |TAMS 0x0000000085e00000, 0x0000000085e00000| Untracked 
|  95|0x0000000085f00000, 0x0000000085f00000, 0x0000000086000000|  0%| F|  |TAMS 0x0000000085f00000, 0x0000000085f00000| Untracked 
|  96|0x0000000086000000, 0x0000000086000000, 0x0000000086100000|  0%| F|  |TAMS 0x0000000086000000, 0x0000000086000000| Untracked 
|  97|0x0000000086100000, 0x0000000086100000, 0x0000000086200000|  0%| F|  |TAMS 0x0000000086100000, 0x0000000086100000| Untracked 
|  98|0x0000000086200000, 0x0000000086200000, 0x0000000086300000|  0%| F|  |TAMS 0x0000000086200000, 0x0000000086200000| Untracked 
|  99|0x0000000086300000, 0x0000000086300000, 0x0000000086400000|  0%| F|  |TAMS 0x0000000086300000, 0x0000000086300000| Untracked 
| 100|0x0000000086400000, 0x0000000086400000, 0x0000000086500000|  0%| F|  |TAMS 0x0000000086400000, 0x0000000086400000| Untracked 
| 101|0x0000000086500000, 0x0000000086500000, 0x0000000086600000|  0%| F|  |TAMS 0x0000000086500000, 0x0000000086500000| Untracked 
| 102|0x0000000086600000, 0x0000000086600000, 0x0000000086700000|  0%| F|  |TAMS 0x0000000086600000, 0x0000000086600000| Untracked 
| 103|0x0000000086700000, 0x0000000086700000, 0x0000000086800000|  0%| F|  |TAMS 0x0000000086700000, 0x0000000086700000| Untracked 
| 104|0x0000000086800000, 0x0000000086800000, 0x0000000086900000|  0%| F|  |TAMS 0x0000000086800000, 0x0000000086800000| Untracked 
| 105|0x0000000086900000, 0x0000000086900000, 0x0000000086a00000|  0%| F|  |TAMS 0x0000000086900000, 0x0000000086900000| Untracked 
| 106|0x0000000086a00000, 0x0000000086a00000, 0x0000000086b00000|  0%| F|  |TAMS 0x0000000086a00000, 0x0000000086a00000| Untracked 
| 107|0x0000000086b00000, 0x0000000086b00000, 0x0000000086c00000|  0%| F|  |TAMS 0x0000000086b00000, 0x0000000086b00000| Untracked 
| 108|0x0000000086c00000, 0x0000000086c00000, 0x0000000086d00000|  0%| F|  |TAMS 0x0000000086c00000, 0x0000000086c00000| Untracked 
| 109|0x0000000086d00000, 0x0000000086d00000, 0x0000000086e00000|  0%| F|  |TAMS 0x0000000086d00000, 0x0000000086d00000| Untracked 
| 110|0x0000000086e00000, 0x0000000086e00000, 0x0000000086f00000|  0%| F|  |TAMS 0x0000000086e00000, 0x0000000086e00000| Untracked 
| 111|0x0000000086f00000, 0x0000000086f00000, 0x0000000087000000|  0%| F|  |TAMS 0x0000000086f00000, 0x0000000086f00000| Untracked 
| 112|0x0000000087000000, 0x0000000087000000, 0x0000000087100000|  0%| F|  |TAMS 0x0000000087000000, 0x0000000087000000| Untracked 
| 113|0x0000000087100000, 0x0000000087100000, 0x0000000087200000|  0%| F|  |TAMS 0x0000000087100000, 0x0000000087100000| Untracked 
| 114|0x0000000087200000, 0x0000000087200000, 0x0000000087300000|  0%| F|  |TAMS 0x0000000087200000, 0x0000000087200000| Untracked 
| 115|0x0000000087300000, 0x0000000087300000, 0x0000000087400000|  0%| F|  |TAMS 0x0000000087300000, 0x0000000087300000| Untracked 
| 116|0x0000000087400000, 0x0000000087400000, 0x0000000087500000|  0%| F|  |TAMS 0x0000000087400000, 0x0000000087400000| Untracked 
| 117|0x0000000087500000, 0x0000000087500000, 0x0000000087600000|  0%| F|  |TAMS 0x0000000087500000, 0x0000000087500000| Untracked 
| 118|0x0000000087600000, 0x0000000087600000, 0x0000000087700000|  0%| F|  |TAMS 0x0000000087600000, 0x0000000087600000| Untracked 
| 119|0x0000000087700000, 0x0000000087700000, 0x0000000087800000|  0%| F|  |TAMS 0x0000000087700000, 0x0000000087700000| Untracked 
| 120|0x0000000087800000, 0x0000000087800000, 0x0000000087900000|  0%| F|  |TAMS 0x0000000087800000, 0x0000000087800000| Untracked 
| 121|0x0000000087900000, 0x0000000087900000, 0x0000000087a00000|  0%| F|  |TAMS 0x0000000087900000, 0x0000000087900000| Untracked 
| 122|0x0000000087a00000, 0x0000000087a00000, 0x0000000087b00000|  0%| F|  |TAMS 0x0000000087a00000, 0x0000000087a00000| Untracked 
| 123|0x0000000087b00000, 0x0000000087b00000, 0x0000000087c00000|  0%| F|  |TAMS 0x0000000087b00000, 0x0000000087b00000| Untracked 
| 124|0x0000000087c00000, 0x0000000087c00000, 0x0000000087d00000|  0%| F|  |TAMS 0x0000000087c00000, 0x0000000087c00000| Untracked 
| 125|0x0000000087d00000, 0x0000000087d00000, 0x0000000087e00000|  0%| F|  |TAMS 0x0000000087d00000, 0x0000000087d00000| Untracked 
| 126|0x0000000087e00000, 0x0000000087e00000, 0x0000000087f00000|  0%| F|  |TAMS 0x0000000087e00000, 0x0000000087e00000| Untracked 
| 127|0x0000000087f00000, 0x0000000087f00000, 0x0000000088000000|  0%| F|  |TAMS 0x0000000087f00000, 0x0000000087f00000| Untracked 
| 128|0x0000000088000000, 0x0000000088000000, 0x0000000088100000|  0%| F|  |TAMS 0x0000000088000000, 0x0000000088000000| Untracked 
| 129|0x0000000088100000, 0x0000000088100000, 0x0000000088200000|  0%| F|  |TAMS 0x0000000088100000, 0x0000000088100000| Untracked 
| 130|0x0000000088200000, 0x0000000088200000, 0x0000000088300000|  0%| F|  |TAMS 0x0000000088200000, 0x0000000088200000| Untracked 
| 131|0x0000000088300000, 0x0000000088300000, 0x0000000088400000|  0%| F|  |TAMS 0x0000000088300000, 0x0000000088300000| Untracked 
| 132|0x0000000088400000, 0x0000000088400000, 0x0000000088500000|  0%| F|  |TAMS 0x0000000088400000, 0x0000000088400000| Untracked 
| 133|0x0000000088500000, 0x0000000088500000, 0x0000000088600000|  0%| F|  |TAMS 0x0000000088500000, 0x0000000088500000| Untracked 
| 134|0x0000000088600000, 0x0000000088600000, 0x0000000088700000|  0%| F|  |TAMS 0x0000000088600000, 0x0000000088600000| Untracked 
| 135|0x0000000088700000, 0x0000000088800000, 0x0000000088800000|100%| S|CS|TAMS 0x0000000088700000, 0x0000000088700000| Complete 
| 136|0x0000000088800000, 0x0000000088900000, 0x0000000088900000|100%| S|CS|TAMS 0x0000000088800000, 0x0000000088800000| Complete 
| 137|0x0000000088900000, 0x0000000088a00000, 0x0000000088a00000|100%| S|CS|TAMS 0x0000000088900000, 0x0000000088900000| Complete 
| 138|0x0000000088a00000, 0x0000000088b00000, 0x0000000088b00000|100%| S|CS|TAMS 0x0000000088a00000, 0x0000000088a00000| Complete 
| 139|0x0000000088b00000, 0x0000000088c00000, 0x0000000088c00000|100%| S|CS|TAMS 0x0000000088b00000, 0x0000000088b00000| Complete 
| 140|0x0000000088c00000, 0x0000000088d00000, 0x0000000088d00000|100%| S|CS|TAMS 0x0000000088c00000, 0x0000000088c00000| Complete 
| 141|0x0000000088d00000, 0x0000000088e00000, 0x0000000088e00000|100%| S|CS|TAMS 0x0000000088d00000, 0x0000000088d00000| Complete 
| 142|0x0000000088e00000, 0x0000000088e00000, 0x0000000088f00000|  0%| F|  |TAMS 0x0000000088e00000, 0x0000000088e00000| Untracked 
| 143|0x0000000088f00000, 0x0000000088f00000, 0x0000000089000000|  0%| F|  |TAMS 0x0000000088f00000, 0x0000000088f00000| Untracked 
| 144|0x0000000089000000, 0x0000000089000000, 0x0000000089100000|  0%| F|  |TAMS 0x0000000089000000, 0x0000000089000000| Untracked 
| 145|0x0000000089100000, 0x0000000089100000, 0x0000000089200000|  0%| F|  |TAMS 0x0000000089100000, 0x0000000089100000| Untracked 
| 146|0x0000000089200000, 0x0000000089200000, 0x0000000089300000|  0%| F|  |TAMS 0x0000000089200000, 0x0000000089200000| Untracked 
| 147|0x0000000089300000, 0x0000000089300000, 0x0000000089400000|  0%| F|  |TAMS 0x0000000089300000, 0x0000000089300000| Untracked 
| 148|0x0000000089400000, 0x0000000089400000, 0x0000000089500000|  0%| F|  |TAMS 0x0000000089400000, 0x0000000089400000| Untracked 
| 149|0x0000000089500000, 0x0000000089500000, 0x0000000089600000|  0%| F|  |TAMS 0x0000000089500000, 0x0000000089500000| Untracked 
| 150|0x0000000089600000, 0x0000000089600000, 0x0000000089700000|  0%| F|  |TAMS 0x0000000089600000, 0x0000000089600000| Untracked 
| 151|0x0000000089700000, 0x0000000089800000, 0x0000000089800000|100%| S|CS|TAMS 0x0000000089700000, 0x0000000089700000| Complete 
| 152|0x0000000089800000, 0x0000000089900000, 0x0000000089900000|100%| S|CS|TAMS 0x0000000089800000, 0x0000000089800000| Complete 
| 153|0x0000000089900000, 0x0000000089900000, 0x0000000089a00000|  0%| F|  |TAMS 0x0000000089900000, 0x0000000089900000| Untracked 
| 154|0x0000000089a00000, 0x0000000089a00000, 0x0000000089b00000|  0%| F|  |TAMS 0x0000000089a00000, 0x0000000089a00000| Untracked 
| 155|0x0000000089b00000, 0x0000000089b00000, 0x0000000089c00000|  0%| F|  |TAMS 0x0000000089b00000, 0x0000000089b00000| Untracked 
| 156|0x0000000089c00000, 0x0000000089c00000, 0x0000000089d00000|  0%| F|  |TAMS 0x0000000089c00000, 0x0000000089c00000| Untracked 
| 157|0x0000000089d00000, 0x0000000089d00000, 0x0000000089e00000|  0%| F|  |TAMS 0x0000000089d00000, 0x0000000089d00000| Untracked 
| 158|0x0000000089e00000, 0x0000000089e00000, 0x0000000089f00000|  0%| F|  |TAMS 0x0000000089e00000, 0x0000000089e00000| Untracked 
| 159|0x0000000089f00000, 0x0000000089f00000, 0x000000008a000000|  0%| F|  |TAMS 0x0000000089f00000, 0x0000000089f00000| Untracked 
| 160|0x000000008a000000, 0x000000008a000000, 0x000000008a100000|  0%| F|  |TAMS 0x000000008a000000, 0x000000008a000000| Untracked 
| 161|0x000000008a100000, 0x000000008a100000, 0x000000008a200000|  0%| F|  |TAMS 0x000000008a100000, 0x000000008a100000| Untracked 
| 162|0x000000008a200000, 0x000000008a200000, 0x000000008a300000|  0%| F|  |TAMS 0x000000008a200000, 0x000000008a200000| Untracked 
| 163|0x000000008a300000, 0x000000008a300000, 0x000000008a400000|  0%| F|  |TAMS 0x000000008a300000, 0x000000008a300000| Untracked 
| 164|0x000000008a400000, 0x000000008a400000, 0x000000008a500000|  0%| F|  |TAMS 0x000000008a400000, 0x000000008a400000| Untracked 
| 165|0x000000008a500000, 0x000000008a500000, 0x000000008a600000|  0%| F|  |TAMS 0x000000008a500000, 0x000000008a500000| Untracked 
| 166|0x000000008a600000, 0x000000008a600000, 0x000000008a700000|  0%| F|  |TAMS 0x000000008a600000, 0x000000008a600000| Untracked 
| 167|0x000000008a700000, 0x000000008a792f00, 0x000000008a800000| 57%| E|  |TAMS 0x000000008a700000, 0x000000008a700000| Complete 
| 168|0x000000008a800000, 0x000000008a900000, 0x000000008a900000|100%| E|CS|TAMS 0x000000008a800000, 0x000000008a800000| Complete 
| 169|0x000000008a900000, 0x000000008aa00000, 0x000000008aa00000|100%| E|CS|TAMS 0x000000008a900000, 0x000000008a900000| Complete 
| 170|0x000000008aa00000, 0x000000008ab00000, 0x000000008ab00000|100%| E|CS|TAMS 0x000000008aa00000, 0x000000008aa00000| Complete 
| 171|0x000000008ab00000, 0x000000008ac00000, 0x000000008ac00000|100%| E|CS|TAMS 0x000000008ab00000, 0x000000008ab00000| Complete 
| 172|0x000000008ac00000, 0x000000008ad00000, 0x000000008ad00000|100%| E|CS|TAMS 0x000000008ac00000, 0x000000008ac00000| Complete 
| 173|0x000000008ad00000, 0x000000008ae00000, 0x000000008ae00000|100%| E|CS|TAMS 0x000000008ad00000, 0x000000008ad00000| Complete 
| 174|0x000000008ae00000, 0x000000008af00000, 0x000000008af00000|100%| E|CS|TAMS 0x000000008ae00000, 0x000000008ae00000| Complete 
| 175|0x000000008af00000, 0x000000008b000000, 0x000000008b000000|100%| E|CS|TAMS 0x000000008af00000, 0x000000008af00000| Complete 
| 176|0x000000008b000000, 0x000000008b100000, 0x000000008b100000|100%| E|CS|TAMS 0x000000008b000000, 0x000000008b000000| Complete 
| 177|0x000000008b100000, 0x000000008b200000, 0x000000008b200000|100%| E|CS|TAMS 0x000000008b100000, 0x000000008b100000| Complete 
| 178|0x000000008b200000, 0x000000008b300000, 0x000000008b300000|100%| E|CS|TAMS 0x000000008b200000, 0x000000008b200000| Complete 
| 179|0x000000008b300000, 0x000000008b400000, 0x000000008b400000|100%| E|CS|TAMS 0x000000008b300000, 0x000000008b300000| Complete 
| 180|0x000000008b400000, 0x000000008b500000, 0x000000008b500000|100%| E|CS|TAMS 0x000000008b400000, 0x000000008b400000| Complete 
| 181|0x000000008b500000, 0x000000008b600000, 0x000000008b600000|100%| E|CS|TAMS 0x000000008b500000, 0x000000008b500000| Complete 
| 182|0x000000008b600000, 0x000000008b700000, 0x000000008b700000|100%| E|CS|TAMS 0x000000008b600000, 0x000000008b600000| Complete 
| 183|0x000000008b700000, 0x000000008b800000, 0x000000008b800000|100%| E|CS|TAMS 0x000000008b700000, 0x000000008b700000| Complete 
| 184|0x000000008b800000, 0x000000008b900000, 0x000000008b900000|100%| E|CS|TAMS 0x000000008b800000, 0x000000008b800000| Complete 
| 185|0x000000008b900000, 0x000000008ba00000, 0x000000008ba00000|100%| E|CS|TAMS 0x000000008b900000, 0x000000008b900000| Complete 
| 186|0x000000008ba00000, 0x000000008bb00000, 0x000000008bb00000|100%| E|CS|TAMS 0x000000008ba00000, 0x000000008ba00000| Complete 
| 187|0x000000008bb00000, 0x000000008bc00000, 0x000000008bc00000|100%| E|CS|TAMS 0x000000008bb00000, 0x000000008bb00000| Complete 
| 188|0x000000008bc00000, 0x000000008bd00000, 0x000000008bd00000|100%| E|CS|TAMS 0x000000008bc00000, 0x000000008bc00000| Complete 
| 189|0x000000008bd00000, 0x000000008be00000, 0x000000008be00000|100%| E|CS|TAMS 0x000000008bd00000, 0x000000008bd00000| Complete 
| 190|0x000000008be00000, 0x000000008bf00000, 0x000000008bf00000|100%| E|CS|TAMS 0x000000008be00000, 0x000000008be00000| Complete 
| 191|0x000000008bf00000, 0x000000008c000000, 0x000000008c000000|100%| E|CS|TAMS 0x000000008bf00000, 0x000000008bf00000| Complete 
| 192|0x000000008c000000, 0x000000008c100000, 0x000000008c100000|100%| E|CS|TAMS 0x000000008c000000, 0x000000008c000000| Complete 
| 193|0x000000008c100000, 0x000000008c200000, 0x000000008c200000|100%| E|CS|TAMS 0x000000008c100000, 0x000000008c100000| Complete 
| 194|0x000000008c200000, 0x000000008c300000, 0x000000008c300000|100%| E|CS|TAMS 0x000000008c200000, 0x000000008c200000| Complete 
| 195|0x000000008c300000, 0x000000008c400000, 0x000000008c400000|100%| E|CS|TAMS 0x000000008c300000, 0x000000008c300000| Complete 
| 196|0x000000008c400000, 0x000000008c500000, 0x000000008c500000|100%| E|CS|TAMS 0x000000008c400000, 0x000000008c400000| Complete 
| 197|0x000000008c500000, 0x000000008c600000, 0x000000008c600000|100%| E|CS|TAMS 0x000000008c500000, 0x000000008c500000| Complete 
| 198|0x000000008c600000, 0x000000008c700000, 0x000000008c700000|100%| E|CS|TAMS 0x000000008c600000, 0x000000008c600000| Complete 
| 199|0x000000008c700000, 0x000000008c800000, 0x000000008c800000|100%| E|CS|TAMS 0x000000008c700000, 0x000000008c700000| Complete 
| 200|0x000000008c800000, 0x000000008c900000, 0x000000008c900000|100%| E|CS|TAMS 0x000000008c800000, 0x000000008c800000| Complete 
| 201|0x000000008c900000, 0x000000008ca00000, 0x000000008ca00000|100%| E|CS|TAMS 0x000000008c900000, 0x000000008c900000| Complete 
| 202|0x000000008ca00000, 0x000000008cb00000, 0x000000008cb00000|100%| E|CS|TAMS 0x000000008ca00000, 0x000000008ca00000| Complete 
| 203|0x000000008cb00000, 0x000000008cc00000, 0x000000008cc00000|100%| E|CS|TAMS 0x000000008cb00000, 0x000000008cb00000| Complete 
| 204|0x000000008cc00000, 0x000000008cd00000, 0x000000008cd00000|100%| E|CS|TAMS 0x000000008cc00000, 0x000000008cc00000| Complete 
| 205|0x000000008cd00000, 0x000000008ce00000, 0x000000008ce00000|100%| E|CS|TAMS 0x000000008cd00000, 0x000000008cd00000| Complete 
| 206|0x000000008ce00000, 0x000000008cf00000, 0x000000008cf00000|100%| E|CS|TAMS 0x000000008ce00000, 0x000000008ce00000| Complete 
| 207|0x000000008cf00000, 0x000000008d000000, 0x000000008d000000|100%| E|CS|TAMS 0x000000008cf00000, 0x000000008cf00000| Complete 
| 208|0x000000008d000000, 0x000000008d100000, 0x000000008d100000|100%| E|CS|TAMS 0x000000008d000000, 0x000000008d000000| Complete 
| 209|0x000000008d100000, 0x000000008d200000, 0x000000008d200000|100%| E|  |TAMS 0x000000008d100000, 0x000000008d100000| Complete 
| 210|0x000000008d200000, 0x000000008d300000, 0x000000008d300000|100%| E|CS|TAMS 0x000000008d200000, 0x000000008d200000| Complete 
| 211|0x000000008d300000, 0x000000008d400000, 0x000000008d400000|100%| E|CS|TAMS 0x000000008d300000, 0x000000008d300000| Complete 
| 212|0x000000008d400000, 0x000000008d500000, 0x000000008d500000|100%| E|CS|TAMS 0x000000008d400000, 0x000000008d400000| Complete 
| 213|0x000000008d500000, 0x000000008d600000, 0x000000008d600000|100%| E|CS|TAMS 0x000000008d500000, 0x000000008d500000| Complete 
| 214|0x000000008d600000, 0x000000008d700000, 0x000000008d700000|100%| E|CS|TAMS 0x000000008d600000, 0x000000008d600000| Complete 
| 215|0x000000008d700000, 0x000000008d800000, 0x000000008d800000|100%| E|CS|TAMS 0x000000008d700000, 0x000000008d700000| Complete 
| 216|0x000000008d800000, 0x000000008d900000, 0x000000008d900000|100%| E|CS|TAMS 0x000000008d800000, 0x000000008d800000| Complete 
| 217|0x000000008d900000, 0x000000008da00000, 0x000000008da00000|100%| E|CS|TAMS 0x000000008d900000, 0x000000008d900000| Complete 
| 218|0x000000008da00000, 0x000000008db00000, 0x000000008db00000|100%| E|CS|TAMS 0x000000008da00000, 0x000000008da00000| Complete 
| 219|0x000000008db00000, 0x000000008dc00000, 0x000000008dc00000|100%| E|CS|TAMS 0x000000008db00000, 0x000000008db00000| Complete 
| 220|0x000000008dc00000, 0x000000008dd00000, 0x000000008dd00000|100%| E|CS|TAMS 0x000000008dc00000, 0x000000008dc00000| Complete 
| 221|0x000000008dd00000, 0x000000008de00000, 0x000000008de00000|100%| E|CS|TAMS 0x000000008dd00000, 0x000000008dd00000| Complete 
| 222|0x000000008de00000, 0x000000008df00000, 0x000000008df00000|100%| E|CS|TAMS 0x000000008de00000, 0x000000008de00000| Complete 
| 223|0x000000008df00000, 0x000000008e000000, 0x000000008e000000|100%| E|CS|TAMS 0x000000008df00000, 0x000000008df00000| Complete 
| 224|0x000000008e000000, 0x000000008e100000, 0x000000008e100000|100%| E|CS|TAMS 0x000000008e000000, 0x000000008e000000| Complete 
| 225|0x000000008e100000, 0x000000008e200000, 0x000000008e200000|100%| E|CS|TAMS 0x000000008e100000, 0x000000008e100000| Complete 
| 226|0x000000008e200000, 0x000000008e300000, 0x000000008e300000|100%| E|CS|TAMS 0x000000008e200000, 0x000000008e200000| Complete 
| 227|0x000000008e300000, 0x000000008e400000, 0x000000008e400000|100%| E|CS|TAMS 0x000000008e300000, 0x000000008e300000| Complete 
| 228|0x000000008e400000, 0x000000008e500000, 0x000000008e500000|100%| E|CS|TAMS 0x000000008e400000, 0x000000008e400000| Complete 
| 229|0x000000008e500000, 0x000000008e600000, 0x000000008e600000|100%| E|CS|TAMS 0x000000008e500000, 0x000000008e500000| Complete 
| 230|0x000000008e600000, 0x000000008e700000, 0x000000008e700000|100%| E|CS|TAMS 0x000000008e600000, 0x000000008e600000| Complete 
| 231|0x000000008e700000, 0x000000008e800000, 0x000000008e800000|100%| E|CS|TAMS 0x000000008e700000, 0x000000008e700000| Complete 
| 232|0x000000008e800000, 0x000000008e900000, 0x000000008e900000|100%| E|CS|TAMS 0x000000008e800000, 0x000000008e800000| Complete 
| 233|0x000000008e900000, 0x000000008ea00000, 0x000000008ea00000|100%| E|CS|TAMS 0x000000008e900000, 0x000000008e900000| Complete 
| 234|0x000000008ea00000, 0x000000008eb00000, 0x000000008eb00000|100%| E|CS|TAMS 0x000000008ea00000, 0x000000008ea00000| Complete 
| 235|0x000000008eb00000, 0x000000008ec00000, 0x000000008ec00000|100%| E|CS|TAMS 0x000000008eb00000, 0x000000008eb00000| Complete 
| 236|0x000000008ec00000, 0x000000008ed00000, 0x000000008ed00000|100%| E|CS|TAMS 0x000000008ec00000, 0x000000008ec00000| Complete 
| 237|0x000000008ed00000, 0x000000008ee00000, 0x000000008ee00000|100%| E|CS|TAMS 0x000000008ed00000, 0x000000008ed00000| Complete 
| 238|0x000000008ee00000, 0x000000008ef00000, 0x000000008ef00000|100%| E|CS|TAMS 0x000000008ee00000, 0x000000008ee00000| Complete 
| 239|0x000000008ef00000, 0x000000008f000000, 0x000000008f000000|100%| E|CS|TAMS 0x000000008ef00000, 0x000000008ef00000| Complete 
| 240|0x000000008f000000, 0x000000008f100000, 0x000000008f100000|100%| E|CS|TAMS 0x000000008f000000, 0x000000008f000000| Complete 
| 241|0x000000008f100000, 0x000000008f200000, 0x000000008f200000|100%| E|CS|TAMS 0x000000008f100000, 0x000000008f100000| Complete 
| 242|0x000000008f200000, 0x000000008f300000, 0x000000008f300000|100%| E|CS|TAMS 0x000000008f200000, 0x000000008f200000| Complete 
| 243|0x000000008f300000, 0x000000008f400000, 0x000000008f400000|100%| E|CS|TAMS 0x000000008f300000, 0x000000008f300000| Complete 
| 244|0x000000008f400000, 0x000000008f500000, 0x000000008f500000|100%| E|CS|TAMS 0x000000008f400000, 0x000000008f400000| Complete 
| 245|0x000000008f500000, 0x000000008f600000, 0x000000008f600000|100%| E|CS|TAMS 0x000000008f500000, 0x000000008f500000| Complete 
| 246|0x000000008f600000, 0x000000008f700000, 0x000000008f700000|100%| E|CS|TAMS 0x000000008f600000, 0x000000008f600000| Complete 
| 247|0x000000008f700000, 0x000000008f800000, 0x000000008f800000|100%| E|CS|TAMS 0x000000008f700000, 0x000000008f700000| Complete 
| 248|0x000000008f800000, 0x000000008f900000, 0x000000008f900000|100%| E|CS|TAMS 0x000000008f800000, 0x000000008f800000| Complete 
| 249|0x000000008f900000, 0x000000008fa00000, 0x000000008fa00000|100%| E|CS|TAMS 0x000000008f900000, 0x000000008f900000| Complete 
| 250|0x000000008fa00000, 0x000000008fb00000, 0x000000008fb00000|100%| E|CS|TAMS 0x000000008fa00000, 0x000000008fa00000| Complete 
| 251|0x000000008fb00000, 0x000000008fc00000, 0x000000008fc00000|100%| E|CS|TAMS 0x000000008fb00000, 0x000000008fb00000| Complete 
| 252|0x000000008fc00000, 0x000000008fd00000, 0x000000008fd00000|100%| E|CS|TAMS 0x000000008fc00000, 0x000000008fc00000| Complete 
| 253|0x000000008fd00000, 0x000000008fe00000, 0x000000008fe00000|100%| E|CS|TAMS 0x000000008fd00000, 0x000000008fd00000| Complete 

Card table byte_map: [0x00000163feb50000,0x00000163fef50000] _byte_map_base: 0x00000163fe750000

Marking Bits (Prev, Next): (CMBitMap*) 0x00000163eb21edc8, (CMBitMap*) 0x00000163eb21ee00
 Prev Bits: [0x0000016380000000, 0x0000016382000000)
 Next Bits: [0x0000016382000000, 0x0000016384000000)

Polling page: 0x00000163e99c0000

Metaspace:

Usage:
  Non-class:     79.09 MB capacity,    77.63 MB ( 98%) used,     1.19 MB (  2%) free+waste,   273.75 KB ( <1%) overhead. 
      Class:     12.50 MB capacity,    11.66 MB ( 93%) used,   739.31 KB (  6%) free+waste,   123.25 KB ( <1%) overhead. 
       Both:     91.59 MB capacity,    89.29 MB ( 97%) used,     1.91 MB (  2%) free+waste,   397.00 KB ( <1%) overhead. 

Virtual space:
  Non-class space:       80.00 MB reserved,      79.25 MB (>99%) committed 
      Class space:        1.00 GB reserved,      12.63 MB (  1%) committed 
             Both:        1.08 GB reserved,      91.88 MB (  8%) committed 

Chunk freelists:
   Non-Class:  39.00 KB
       Class:  27.00 KB
        Both:  66.00 KB

MaxMetaspaceSize: 17179869184.00 GB
CompressedClassSpaceSize: 1.00 GB
Initial GC threshold: 20.80 MB
Current GC threshold: 113.96 MB
CDS: off

CodeHeap 'non-profiled nmethods': size=120000Kb used=6661Kb max_used=6661Kb free=113339Kb
 bounds [0x00000163f67c0000, 0x00000163f6e50000, 0x00000163fdcf0000]
CodeHeap 'profiled nmethods': size=120000Kb used=23834Kb max_used=23834Kb free=96165Kb
 bounds [0x00000163ef290000, 0x00000163f09e0000, 0x00000163f67c0000]
CodeHeap 'non-nmethods': size=5760Kb used=2380Kb max_used=2438Kb free=3379Kb
 bounds [0x00000163eecf0000, 0x00000163eef60000, 0x00000163ef290000]
 total_blobs=12005 nmethods=11112 adapters=805
 compilation: enabled
              stopped_count=0, restarted_count=0
 full_count=0

Compilation events (20 events):
Event: 23.554 Thread 0x0000016386895800 11249       4       java.lang.StringLatin1::regionMatchesCI (92 bytes)
Event: 23.566 Thread 0x0000016386895800 nmethod 11249 0x00000163f6e3a990 code [0x00000163f6e3ab40, 0x00000163f6e3b0b8]
Event: 23.566 Thread 0x0000016386895800 11250       4       sun.net.www.protocol.jar.Handler::indexOfBangSlash (52 bytes)
Event: 23.574 Thread 0x0000016386895800 nmethod 11250 0x00000163f6e3b510 code [0x00000163f6e3b6c0, 0x00000163f6e3b958]
Event: 23.574 Thread 0x0000016386895800 11251       4       java.net.URLStreamHandler::setURL (159 bytes)
Event: 23.582 Thread 0x0000016386895800 nmethod 11251 0x00000163f6e3bb90 code [0x00000163f6e3bd40, 0x00000163f6e3c0c8]
Event: 23.582 Thread 0x0000016386895800 11252       4       sun.net.www.protocol.jar.Handler::parseContextSpec (150 bytes)
Event: 23.599 Thread 0x0000016386895800 nmethod 11252 0x00000163f6e3c410 code [0x00000163f6e3c5e0, 0x00000163f6e3ccb8]
Event: 23.599 Thread 0x0000016386895800 11253       4       sun.net.www.ParseUtil::canonizeString (38 bytes)
Event: 23.602 Thread 0x0000016386895800 nmethod 11253 0x00000163f6e3d110 code [0x00000163f6e3d2a0, 0x00000163f6e3d458]
Event: 23.602 Thread 0x000001638689e800 11254       3       kotlin.LazyKt__LazyJVMKt::lazy (102 bytes)
Event: 23.604 Thread 0x000001638689e800 nmethod 11254 0x00000163f09d0090 code [0x00000163f09d04c0, 0x00000163f09d1f18]
Event: 23.604 Thread 0x000001638689e800 11255       3       kotlin.SafePublicationLazyImpl::<init> (30 bytes)
Event: 23.605 Thread 0x000001638689e800 nmethod 11255 0x00000163f09d2810 code [0x00000163f09d2a40, 0x00000163f09d3158]
Event: 23.616 Thread 0x000001638d2ad800 nmethod 11246 0x00000163f6e3d610 code [0x00000163f6e3d8a0, 0x00000163f6e40080]
Event: 23.619 Thread 0x000001638689e800 11256       3       kotlin.reflect.jvm.internal.impl.renderer.DescriptorRendererOptionsImpl::property (21 bytes)
Event: 23.619 Thread 0x000001638689e800 nmethod 11256 0x00000163f09d3390 code [0x00000163f09d3560, 0x00000163f09d38f8]
Event: 23.619 Thread 0x000001638689e800 11257       3       kotlin.reflect.jvm.internal.impl.renderer.DescriptorRendererOptionsImpl$property$$inlined$vetoable$1::<init> (16 bytes)
Event: 23.619 Thread 0x000001638689e800 nmethod 11257 0x00000163f09d3a10 code [0x00000163f09d3be0, 0x00000163f09d3eb8]
Event: 23.621 Thread 0x0000016386895800 11258   !   4       java.net.URL::<init> (543 bytes)

GC Heap History (20 events):
Event: 6.067 GC heap before
{Heap before GC invocations=6 (full 0):
 garbage-first heap   total 260096K, used 54991K [0x0000000080000000, 0x0000000100000000)
  region size 1024K, 39 young (39936K), 4 survivors (4096K)
 Metaspace       used 34903K, capacity 35718K, committed 35840K, reserved 1081344K
  class space    used 4532K, capacity 4839K, committed 4864K, reserved 1048576K
}
Event: 6.083 GC heap after
{Heap after GC invocations=7 (full 0):
 garbage-first heap   total 260096K, used 22669K [0x0000000080000000, 0x0000000100000000)
  region size 1024K, 6 young (6144K), 6 survivors (6144K)
 Metaspace       used 34903K, capacity 35718K, committed 35840K, reserved 1081344K
  class space    used 4532K, capacity 4839K, committed 4864K, reserved 1048576K
}
Event: 8.267 GC heap before
{Heap before GC invocations=8 (full 0):
 garbage-first heap   total 260096K, used 134285K [0x0000000080000000, 0x0000000100000000)
  region size 1024K, 112 young (114688K), 6 survivors (6144K)
 Metaspace       used 44282K, capacity 45270K, committed 45568K, reserved 1089536K
  class space    used 5666K, capacity 6047K, committed 6144K, reserved 1048576K
}
Event: 8.284 GC heap after
{Heap after GC invocations=9 (full 0):
 garbage-first heap   total 260096K, used 30030K [0x0000000080000000, 0x0000000100000000)
  region size 1024K, 13 young (13312K), 13 survivors (13312K)
 Metaspace       used 44282K, capacity 45270K, committed 45568K, reserved 1089536K
  class space    used 5666K, capacity 6047K, committed 6144K, reserved 1048576K
}
Event: 11.415 GC heap before
{Heap before GC invocations=9 (full 0):
 garbage-first heap   total 260096K, used 158030K [0x0000000080000000, 0x0000000100000000)
  region size 1024K, 131 young (134144K), 13 survivors (13312K)
 Metaspace       used 49852K, capacity 51166K, committed 51456K, reserved 1093632K
  class space    used 6385K, capacity 6865K, committed 6912K, reserved 1048576K
}
Event: 11.440 GC heap after
{Heap after GC invocations=10 (full 0):
 garbage-first heap   total 260096K, used 50701K [0x0000000080000000, 0x0000000100000000)
  region size 1024K, 17 young (17408K), 17 survivors (17408K)
 Metaspace       used 49852K, capacity 51166K, committed 51456K, reserved 1093632K
  class space    used 6385K, capacity 6865K, committed 6912K, reserved 1048576K
}
Event: 12.976 GC heap before
{Heap before GC invocations=10 (full 0):
 garbage-first heap   total 260096K, used 112141K [0x0000000080000000, 0x0000000100000000)
  region size 1024K, 78 young (79872K), 17 survivors (17408K)
 Metaspace       used 58416K, capacity 59835K, committed 59948K, reserved 1101824K
  class space    used 7447K, capacity 8002K, committed 8064K, reserved 1048576K
}
Event: 13.029 GC heap after
{Heap after GC invocations=11 (full 0):
 garbage-first heap   total 260096K, used 54047K [0x0000000080000000, 0x0000000100000000)
  region size 1024K, 3 young (3072K), 3 survivors (3072K)
 Metaspace       used 58416K, capacity 59835K, committed 59948K, reserved 1101824K
  class space    used 7447K, capacity 8002K, committed 8064K, reserved 1048576K
}
Event: 15.579 GC heap before
{Heap before GC invocations=12 (full 0):
 garbage-first heap   total 260096K, used 157471K [0x0000000080000000, 0x0000000100000000)
  region size 1024K, 104 young (106496K), 3 survivors (3072K)
 Metaspace       used 67930K, capacity 69481K, committed 69632K, reserved 1110016K
  class space    used 8638K, capacity 9196K, committed 9216K, reserved 1048576K
}
Event: 15.596 GC heap after
{Heap after GC invocations=13 (full 0):
 garbage-first heap   total 260096K, used 60548K [0x0000000080000000, 0x0000000100000000)
  region size 1024K, 10 young (10240K), 10 survivors (10240K)
 Metaspace       used 67930K, capacity 69481K, committed 69632K, reserved 1110016K
  class space    used 8638K, capacity 9196K, committed 9216K, reserved 1048576K
}
Event: 17.711 GC heap before
{Heap before GC invocations=14 (full 0):
 garbage-first heap   total 260096K, used 166020K [0x0000000080000000, 0x0000000100000000)
  region size 1024K, 113 young (115712K), 10 survivors (10240K)
 Metaspace       used 74483K, capacity 76213K, committed 76416K, reserved 1116160K
  class space    used 9662K, capacity 10257K, committed 10368K, reserved 1048576K
}
Event: 17.730 GC heap after
{Heap after GC invocations=15 (full 0):
 garbage-first heap   total 260096K, used 68005K [0x0000000080000000, 0x0000000100000000)
  region size 1024K, 15 young (15360K), 15 survivors (15360K)
 Metaspace       used 74483K, capacity 76213K, committed 76416K, reserved 1116160K
  class space    used 9662K, capacity 10257K, committed 10368K, reserved 1048576K
}
Event: 19.704 GC heap before
{Heap before GC invocations=15 (full 0):
 garbage-first heap   total 260096K, used 175525K [0x0000000080000000, 0x0000000100000000)
  region size 1024K, 120 young (122880K), 15 survivors (15360K)
 Metaspace       used 83149K, capacity 85017K, committed 85376K, reserved 1122304K
  class space    used 10834K, capacity 11542K, committed 11648K, reserved 1048576K
}
Event: 19.722 GC heap after
{Heap after GC invocations=16 (full 0):
 garbage-first heap   total 260096K, used 75272K [0x0000000080000000, 0x0000000100000000)
  region size 1024K, 15 young (15360K), 15 survivors (15360K)
 Metaspace       used 83149K, capacity 85017K, committed 85376K, reserved 1122304K
  class space    used 10834K, capacity 11542K, committed 11648K, reserved 1048576K
}
Event: 21.459 GC heap before
{Heap before GC invocations=16 (full 0):
 garbage-first heap   total 260096K, used 182792K [0x0000000080000000, 0x0000000100000000)
  region size 1024K, 121 young (123904K), 15 survivors (15360K)
 Metaspace       used 87306K, capacity 89580K, committed 89600K, reserved 1126400K
  class space    used 11430K, capacity 12275K, committed 12288K, reserved 1048576K
}
Event: 21.487 GC heap after
{Heap after GC invocations=17 (full 0):
 garbage-first heap   total 260096K, used 84992K [0x0000000080000000, 0x0000000100000000)
  region size 1024K, 16 young (16384K), 16 survivors (16384K)
 Metaspace       used 87306K, capacity 89580K, committed 89600K, reserved 1126400K
  class space    used 11430K, capacity 12275K, committed 12288K, reserved 1048576K
}
Event: 22.457 GC heap before
{Heap before GC invocations=17 (full 0):
 garbage-first heap   total 260096K, used 189440K [0x0000000080000000, 0x0000000100000000)
  region size 1024K, 119 young (121856K), 16 survivors (16384K)
 Metaspace       used 87900K, capacity 90118K, committed 90240K, reserved 1126400K
  class space    used 11460K, capacity 12300K, committed 12416K, reserved 1048576K
}
Event: 22.485 GC heap after
{Heap after GC invocations=18 (full 0):
 garbage-first heap   total 260096K, used 92522K [0x0000000080000000, 0x0000000100000000)
  region size 1024K, 9 young (9216K), 9 survivors (9216K)
 Metaspace       used 87900K, capacity 90118K, committed 90240K, reserved 1126400K
  class space    used 11460K, capacity 12300K, committed 12416K, reserved 1048576K
}
Event: 23.081 GC heap before
{Heap before GC invocations=18 (full 0):
 garbage-first heap   total 260096K, used 194922K [0x0000000080000000, 0x0000000100000000)
  region size 1024K, 110 young (112640K), 9 survivors (9216K)
 Metaspace       used 88249K, capacity 90568K, committed 90752K, reserved 1128448K
  class space    used 11499K, capacity 12353K, committed 12416K, reserved 1048576K
}
Event: 23.096 GC heap after
{Heap after GC invocations=19 (full 0):
 garbage-first heap   total 260096K, used 99210K [0x0000000080000000, 0x0000000100000000)
  region size 1024K, 9 young (9216K), 9 survivors (9216K)
 Metaspace       used 88249K, capacity 90568K, committed 90752K, reserved 1128448K
  class space    used 11499K, capacity 12353K, committed 12416K, reserved 1048576K
}

Deoptimization events (20 events):
Event: 22.954 Thread 0x000001638d2b2000 Uncommon trap: trap_request=0xffffffd6 fr.pc=0x00000163f6d6e18c relative=0x00000000000008cc
Event: 22.954 Thread 0x000001638d2b2000 Uncommon trap: reason=array_check action=maybe_recompile pc=0x00000163f6d6e18c method=java.util.TimSort.binarySort([Ljava/lang/Object;IIILjava/util/Comparator;)V @ 183 c2
Event: 22.954 Thread 0x000001638d2b2000 DEOPT PACKING pc=0x00000163f6d6e18c sp=0x0000002cad5fa5b0
Event: 22.954 Thread 0x000001638d2b2000 DEOPT UNPACKING pc=0x00000163eed3a1af sp=0x0000002cad5fa558 mode 2
Event: 23.138 Thread 0x000001638d725000 DEOPT PACKING pc=0x00000163f06c3eb1 sp=0x0000002caacfbc20
Event: 23.138 Thread 0x000001638d725000 DEOPT UNPACKING pc=0x00000163eed3a95e sp=0x0000002caacfb0e8 mode 0
Event: 23.140 Thread 0x000001638a1dc000 DEOPT PACKING pc=0x00000163f06c3eb1 sp=0x0000002ca99fbdc0
Event: 23.140 Thread 0x000001638a1dc000 DEOPT UNPACKING pc=0x00000163eed3a95e sp=0x0000002ca99fb288 mode 0
Event: 23.165 Thread 0x000001638d2b2000 Uncommon trap: trap_request=0xffffff4d fr.pc=0x00000163f6dd7ecc relative=0x000000000000516c
Event: 23.165 Thread 0x000001638d2b2000 Uncommon trap: reason=unstable_if action=reinterpret pc=0x00000163f6dd7ecc method=java.nio.file.FileTreeWalker.getAttributes(Ljava/nio/file/Path;Z)Ljava/nio/file/attribute/BasicFileAttributes; @ 35 c2
Event: 23.165 Thread 0x000001638d2b2000 DEOPT PACKING pc=0x00000163f6dd7ecc sp=0x0000002cad5fd320
Event: 23.165 Thread 0x000001638d2b2000 DEOPT UNPACKING pc=0x00000163eed3a1af sp=0x0000002cad5fd270 mode 2
Event: 23.173 Thread 0x000001638d2b2000 Uncommon trap: trap_request=0xffffff4d fr.pc=0x00000163f6caf974 relative=0x00000000000005b4
Event: 23.173 Thread 0x000001638d2b2000 Uncommon trap: reason=unstable_if action=reinterpret pc=0x00000163f6caf974 method=java.lang.String.regionMatches(ZILjava/lang/String;II)Z @ 1 c2
Event: 23.173 Thread 0x000001638d2b2000 DEOPT PACKING pc=0x00000163f6caf974 sp=0x0000002cad5fc5d0
Event: 23.173 Thread 0x000001638d2b2000 DEOPT UNPACKING pc=0x00000163eed3a1af sp=0x0000002cad5fc580 mode 2
Event: 23.338 Thread 0x000001638d819800 Uncommon trap: trap_request=0xffffff4d fr.pc=0x00000163f6da4880 relative=0x00000000000001c0
Event: 23.338 Thread 0x000001638d819800 Uncommon trap: reason=unstable_if action=reinterpret pc=0x00000163f6da4880 method=com.google.common.cache.LongAdder.add(J)V @ 46 c2
Event: 23.338 Thread 0x000001638d819800 DEOPT PACKING pc=0x00000163f6da4880 sp=0x0000002ca8dfbdd0
Event: 23.338 Thread 0x000001638d819800 DEOPT UNPACKING pc=0x00000163eed3a1af sp=0x0000002ca8dfbd30 mode 2

Classes redefined (0 events):
No events

Internal exceptions (20 events):
Event: 20.167 Thread 0x0000016388b79000 Exception <a 'java/lang/NoSuchMethodError'{0x000000008e0ad930}: <clinit>> (0x000000008e0ad930) thrown at [./src/hotspot/share/prims/jni.cpp, line 1365]
Event: 20.173 Thread 0x000001638d2b6800 Exception <a 'java/lang/NoSuchMethodError'{0x000000008e0d5ad0}: 'java.lang.Object java.lang.invoke.DirectMethodHandle$Holder.invokeInterface(java.lang.Object, java.lang.Object, int)'> (0x000000008e0d5ad0) thrown at [./src/hotspot/share/interpreter/linkResolver.cpp, line 773]
Event: 20.185 Thread 0x000001638d2b6800 Exception <a 'java/lang/NoSuchMethodError'{0x000000008e0e8430}: 'void java.lang.invoke.DirectMethodHandle$Holder.invokeStatic(java.lang.Object, java.lang.Object, java.lang.Object, int)'> (0x000000008e0e8430) thrown at [./src/hotspot/share/interpreter/linkResolver.cpp, line 773]
Event: 20.221 Thread 0x000001638d2ac800 Implicit null exception at 0x00000163f6a9ccf7 to 0x00000163f6a9ce90
Event: 20.232 Thread 0x000001638d2ac800 Exception <a 'java/lang/IncompatibleClassChangeError'{0x000000008dec2a20}: Found class java.lang.Object, but interface was expected> (0x000000008dec2a20) thrown at [./src/hotspot/share/interpreter/linkResolver.cpp, line 839]
Event: 20.874 Thread 0x000001638d2ac800 Exception <a 'java/lang/NoSuchMethodError'{0x000000008c76c7e8}: 'void java.lang.invoke.DirectMethodHandle$Holder.invokeStatic(java.lang.Object, java.lang.Object, java.lang.Object, java.lang.Object, int, java.lang.Object, java.lang.Object)'> (0x000000008c76c7e8) thrown at [./src/hotspot/share/interpreter/linkResolver.cpp, line 773]
Event: 20.906 Thread 0x000001638c698800 Exception <a 'java/lang/NoSuchMethodError'{0x000000008c537718}: 'java.lang.Object java.lang.invoke.DirectMethodHandle$Holder.invokeSpecialIFC(java.lang.Object, java.lang.Object, java.lang.Object)'> (0x000000008c537718) thrown at [./src/hotspot/share/interpreter/linkResolver.cpp, line 773]
Event: 20.906 Thread 0x000001638d810000 Exception <a 'java/lang/NoSuchMethodError'{0x000000008bd1c8e8}: 'java.lang.Object java.lang.invoke.DirectMethodHandle$Holder.invokeSpecialIFC(java.lang.Object, java.lang.Object, java.lang.Object)'> (0x000000008bd1c8e8) thrown at [./src/hotspot/share/interpreter/linkResolver.cpp, line 773]
Event: 20.906 Thread 0x000001638a329000 Exception <a 'java/lang/NoSuchMethodError'{0x000000008bdc62f0}: 'java.lang.Object java.lang.invoke.DirectMethodHandle$Holder.invokeSpecialIFC(java.lang.Object, java.lang.Object, java.lang.Object)'> (0x000000008bdc62f0) thrown at [./src/hotspot/share/interpreter/linkResolver.cpp, line 773]
Event: 20.907 Thread 0x000001638d732000 Exception <a 'java/lang/NoSuchMethodError'{0x000000008bde0c10}: 'java.lang.Object java.lang.invoke.DirectMethodHandle$Holder.invokeSpecialIFC(java.lang.Object, java.lang.Object, java.lang.Object)'> (0x000000008bde0c10) thrown at [./src/hotspot/share/interpreter/linkResolver.cpp, line 773]
Event: 20.907 Thread 0x000001638d72d000 Exception <a 'java/lang/NoSuchMethodError'{0x000000008bd830b8}: 'java.lang.Object java.lang.invoke.DirectMethodHandle$Holder.invokeSpecialIFC(java.lang.Object, java.lang.Object, java.lang.Object)'> (0x000000008bd830b8) thrown at [./src/hotspot/share/interpreter/linkResolver.cpp, line 773]
Event: 20.952 Thread 0x000001638d819800 Exception <a 'java/lang/NoSuchMethodError'{0x000000008b9ae558}: 'int java.lang.invoke.DirectMethodHandle$Holder.invokeStaticInit(java.lang.Object, java.lang.Object, java.lang.Object, java.lang.Object, java.lang.Object)'> (0x000000008b9ae558) thrown at [./src/hotspot/share/interpreter/linkResolver.cpp, line 773]
Event: 20.999 Thread 0x000001638d732000 Implicit null exception at 0x00000163f6d3d541 to 0x00000163f6d3dd5c
Event: 21.001 Thread 0x000001638d810000 Exception <a 'java/lang/NoSuchMethodError'{0x000000008b417ab0}: 'void java.lang.invoke.DirectMethodHandle$Holder.invokeVirtual(java.lang.Object, java.lang.Object)'> (0x000000008b417ab0) thrown at [./src/hotspot/share/interpreter/linkResolver.cpp, line 773]
Event: 22.954 Thread 0x000001638d2b2000 Exception <a 'java/lang/NoSuchMethodError'{0x000000008af160b0}: <clinit>> (0x000000008af160b0) thrown at [./src/hotspot/share/prims/jni.cpp, line 1365]
Event: 22.954 Thread 0x000001638d2b2000 Exception <a 'java/lang/NoSuchMethodError'{0x000000008af176b8}: <clinit>> (0x000000008af176b8) thrown at [./src/hotspot/share/prims/jni.cpp, line 1365]
Event: 22.954 Thread 0x000001638d2b2000 Exception <a 'java/lang/NoSuchMethodError'{0x000000008af1a2a8}: <clinit>> (0x000000008af1a2a8) thrown at [./src/hotspot/share/prims/jni.cpp, line 1365]
Event: 22.955 Thread 0x000001638d2b2000 Exception <a 'java/lang/NoSuchMethodError'{0x000000008af31658}: <clinit>> (0x000000008af31658) thrown at [./src/hotspot/share/prims/jni.cpp, line 1365]
Event: 22.955 Thread 0x000001638d2b2000 Exception <a 'java/lang/NoSuchMethodError'{0x000000008af32890}: <clinit>> (0x000000008af32890) thrown at [./src/hotspot/share/prims/jni.cpp, line 1365]
Event: 23.338 Thread 0x000001638d819800 Implicit null exception at 0x00000163f6da476e to 0x00000163f6da4868

Events (20 events):
Event: 23.745 loading class kotlin/reflect/jvm/internal/impl/metadata/ProtoBuf$VersionRequirementTable
Event: 23.745 loading class kotlin/reflect/jvm/internal/impl/metadata/ProtoBuf$VersionRequirementTable done
Event: 23.746 loading class kotlin/reflect/jvm/internal/impl/metadata/ProtoBuf$VersionRequirementTableOrBuilder
Event: 23.746 loading class kotlin/reflect/jvm/internal/impl/metadata/ProtoBuf$VersionRequirementTableOrBuilder done
Event: 23.747 loading class kotlin/reflect/jvm/internal/impl/metadata/ProtoBuf$VersionRequirementTable$1
Event: 23.747 loading class kotlin/reflect/jvm/internal/impl/metadata/ProtoBuf$VersionRequirementTable$1 done
Event: 23.748 loading class kotlin/reflect/jvm/internal/impl/metadata/ProtoBuf$Package
Event: 23.748 loading class kotlin/reflect/jvm/internal/impl/metadata/ProtoBuf$Package done
Event: 23.749 loading class kotlin/reflect/jvm/internal/impl/metadata/ProtoBuf$PackageOrBuilder
Event: 23.749 loading class kotlin/reflect/jvm/internal/impl/metadata/ProtoBuf$PackageOrBuilder done
Event: 23.750 loading class kotlin/reflect/jvm/internal/impl/metadata/ProtoBuf$Package$1
Event: 23.750 loading class kotlin/reflect/jvm/internal/impl/metadata/ProtoBuf$Package$1 done
Event: 23.751 loading class kotlin/reflect/jvm/internal/impl/protobuf/ExtensionRegistryLite$ObjectIntPair
Event: 23.751 loading class kotlin/reflect/jvm/internal/impl/protobuf/ExtensionRegistryLite$ObjectIntPair done
Event: 23.752 loading class kotlin/reflect/jvm/internal/impl/descriptors/deserialization/PlatformDependentTypeTransformer$None
Event: 23.752 loading class kotlin/reflect/jvm/internal/impl/descriptors/deserialization/PlatformDependentTypeTransformer$None done
Event: 23.752 loading class kotlin/reflect/jvm/internal/impl/descriptors/deserialization/PlatformDependentTypeTransformer
Event: 23.752 loading class kotlin/reflect/jvm/internal/impl/descriptors/deserialization/PlatformDependentTypeTransformer done
Event: 23.753 loading class kotlin/reflect/jvm/internal/impl/serialization/deserialization/ClassDeserializer
Event: 23.753 loading class kotlin/reflect/jvm/internal/impl/serialization/deserialization/ClassDeserializer done


Dynamic libraries:
0x00007ff68ffc0000 - 0x00007ff68ffca000 	C:\Program Files\Android\Android Studio\jre\bin\java.exe
0x00007ffed41b0000 - 0x00007ffed43a8000 	C:\WINDOWS\SYSTEM32\ntdll.dll
0x00007ffed2c30000 - 0x00007ffed2cef000 	C:\WINDOWS\System32\KERNEL32.DLL
0x00007ffed18c0000 - 0x00007ffed1bb6000 	C:\WINDOWS\System32\KERNELBASE.dll
0x00007ffed2050000 - 0x00007ffed2150000 	C:\WINDOWS\System32\ucrtbase.dll
0x00007ffebdb80000 - 0x00007ffebdb99000 	C:\Program Files\Android\Android Studio\jre\bin\jli.dll
0x00007ffebdaf0000 - 0x00007ffebdb07000 	C:\Program Files\Android\Android Studio\jre\bin\VCRUNTIME140.dll
0x00007ffed2ee0000 - 0x00007ffed307d000 	C:\WINDOWS\System32\USER32.dll
0x00007ffed1890000 - 0x00007ffed18b2000 	C:\WINDOWS\System32\win32u.dll
0x00007ffeba620000 - 0x00007ffeba8ba000 	C:\WINDOWS\WinSxS\amd64_microsoft.windows.common-controls_6595b64144ccf1df_6.0.19041.1110_none_60b5254171f9507e\COMCTL32.dll
0x00007ffed2930000 - 0x00007ffed295c000 	C:\WINDOWS\System32\GDI32.dll
0x00007ffed35b0000 - 0x00007ffed364e000 	C:\WINDOWS\System32\msvcrt.dll
0x00007ffed1e90000 - 0x00007ffed1fa5000 	C:\WINDOWS\System32\gdi32full.dll
0x00007ffed1fb0000 - 0x00007ffed204d000 	C:\WINDOWS\System32\msvcp_win.dll
0x00007ffed4070000 - 0x00007ffed40a0000 	C:\WINDOWS\System32\IMM32.DLL
0x00007ffe97a80000 - 0x00007ffe97b1d000 	C:\Program Files\Android\Android Studio\jre\bin\msvcp140.dll
0x00007ffe77f20000 - 0x00007ffe78a05000 	C:\Program Files\Android\Android Studio\jre\bin\server\jvm.dll
0x00007ffed2e30000 - 0x00007ffed2edf000 	C:\WINDOWS\System32\ADVAPI32.dll
0x00007ffed2d80000 - 0x00007ffed2e1c000 	C:\WINDOWS\System32\sechost.dll
0x00007ffed3ed0000 - 0x00007ffed3ff6000 	C:\WINDOWS\System32\RPCRT4.dll
0x00007ffed4000000 - 0x00007ffed4008000 	C:\WINDOWS\System32\PSAPI.DLL
0x00007ffeb4890000 - 0x00007ffeb4899000 	C:\WINDOWS\SYSTEM32\WSOCK32.dll
0x00007ffeb7b60000 - 0x00007ffeb7b87000 	C:\WINDOWS\SYSTEM32\WINMM.dll
0x00007ffed2d10000 - 0x00007ffed2d7b000 	C:\WINDOWS\System32\WS2_32.dll
0x00007ffec5b50000 - 0x00007ffec5b5a000 	C:\WINDOWS\SYSTEM32\VERSION.dll
0x00007ffed00e0000 - 0x00007ffed00f2000 	C:\WINDOWS\SYSTEM32\kernel.appcore.dll
0x00007ffebf000000 - 0x00007ffebf011000 	C:\Program Files\Android\Android Studio\jre\bin\verify.dll
0x00007ffecbde0000 - 0x00007ffecbfc4000 	C:\WINDOWS\SYSTEM32\DBGHELP.DLL
0x00007ffeb4850000 - 0x00007ffeb4884000 	C:\WINDOWS\SYSTEM32\dbgcore.DLL
0x00007ffed2150000 - 0x00007ffed21d2000 	C:\WINDOWS\System32\bcryptPrimitives.dll
0x00007ffebdc20000 - 0x00007ffebdc49000 	C:\Program Files\Android\Android Studio\jre\bin\java.dll
0x00007ffecbb20000 - 0x00007ffecbb2b000 	C:\Program Files\Android\Android Studio\jre\bin\jimage.dll
0x00007ffebe300000 - 0x00007ffebe318000 	C:\Program Files\Android\Android Studio\jre\bin\zip.dll
0x00007ffed3650000 - 0x00007ffed3d94000 	C:\WINDOWS\System32\SHELL32.dll
0x00007ffecc8c0000 - 0x00007ffecd053000 	C:\WINDOWS\SYSTEM32\windows.storage.dll
0x00007ffed2220000 - 0x00007ffed2574000 	C:\WINDOWS\System32\combase.dll
0x00007ffed12f0000 - 0x00007ffed131e000 	C:\WINDOWS\SYSTEM32\Wldp.dll
0x00007ffed2580000 - 0x00007ffed262d000 	C:\WINDOWS\System32\SHCORE.dll
0x00007ffed2820000 - 0x00007ffed2875000 	C:\WINDOWS\System32\shlwapi.dll
0x00007ffed17d0000 - 0x00007ffed17ef000 	C:\WINDOWS\SYSTEM32\profapi.dll
0x00007ffebdba0000 - 0x00007ffebdbba000 	C:\Program Files\Android\Android Studio\jre\bin\net.dll
0x00007ffec8c50000 - 0x00007ffec8d5a000 	C:\WINDOWS\SYSTEM32\WINHTTP.dll
0x00007ffed1050000 - 0x00007ffed10ba000 	C:\WINDOWS\system32\mswsock.dll
0x00007ffebdad0000 - 0x00007ffebdae4000 	C:\Program Files\Android\Android Studio\jre\bin\nio.dll
0x00007ffeaf860000 - 0x00007ffeaf887000 	C:\Users\Asus\.gradle\native\e1d6ef7f7dcc3fd88c89a11ec53ec762bb8ba0a96d01ffa2cd45eb1d1d8dd5c5\windows-amd64\native-platform.dll
0x00007ffe807c0000 - 0x00007ffe80904000 	C:\Users\Asus\.gradle\native\5664cfc778a61ccfe75a443a1ab52a65af34e5dc3c78e0209fed803814484fcb\windows-amd64\native-platform-file-events.dll
0x00007ffec9e30000 - 0x00007ffec9e3a000 	C:\Program Files\Android\Android Studio\jre\bin\management.dll
0x00007ffebeea0000 - 0x00007ffebeead000 	C:\Program Files\Android\Android Studio\jre\bin\management_ext.dll
0x00007ffed1240000 - 0x00007ffed1258000 	C:\WINDOWS\SYSTEM32\CRYPTSP.dll
0x00007ffed0900000 - 0x00007ffed0934000 	C:\WINDOWS\system32\rsaenh.dll
0x00007ffed21e0000 - 0x00007ffed2207000 	C:\WINDOWS\System32\bcrypt.dll
0x00007ffed1750000 - 0x00007ffed177e000 	C:\WINDOWS\SYSTEM32\USERENV.dll
0x00007ffed1260000 - 0x00007ffed126c000 	C:\WINDOWS\SYSTEM32\CRYPTBASE.dll
0x00007ffed0cd0000 - 0x00007ffed0d0c000 	C:\WINDOWS\SYSTEM32\IPHLPAPI.DLL
0x00007ffed2210000 - 0x00007ffed2218000 	C:\WINDOWS\System32\NSI.dll
0x00007ffec5780000 - 0x00007ffec5797000 	C:\WINDOWS\SYSTEM32\dhcpcsvc6.DLL
0x00007ffec5a00000 - 0x00007ffec5a1d000 	C:\WINDOWS\SYSTEM32\dhcpcsvc.DLL
0x00007ffed0d10000 - 0x00007ffed0ddb000 	C:\WINDOWS\SYSTEM32\DNSAPI.dll

dbghelp: loaded successfully - version: 4.0.5 - missing functions: none
symbol engine: initialized successfully - sym options: 0x614 - pdb path: .;C:\Program Files\Android\Android Studio\jre\bin;C:\WINDOWS\SYSTEM32;C:\WINDOWS\WinSxS\amd64_microsoft.windows.common-controls_6595b64144ccf1df_6.0.19041.1110_none_60b5254171f9507e;C:\Program Files\Android\Android Studio\jre\bin\server;C:\Users\Asus\.gradle\native\e1d6ef7f7dcc3fd88c89a11ec53ec762bb8ba0a96d01ffa2cd45eb1d1d8dd5c5\windows-amd64;C:\Users\Asus\.gradle\native\5664cfc778a61ccfe75a443a1ab52a65af34e5dc3c78e0209fed803814484fcb\windows-amd64

VM Arguments:
jvm_args: --add-opens=java.base/java.util=ALL-UNNAMED --add-opens=java.base/java.lang=ALL-UNNAMED --add-opens=java.base/java.lang.invoke=ALL-UNNAMED --add-opens=java.base/java.util=ALL-UNNAMED --add-opens=java.prefs/java.util.prefs=ALL-UNNAMED --add-opens=java.prefs/java.util.prefs=ALL-UNNAMED --add-opens=java.base/java.nio.charset=ALL-UNNAMED --add-opens=java.base/java.net=ALL-UNNAMED --add-opens=java.base/java.util.concurrent.atomic=ALL-UNNAMED -Xmx2048m -Dfile.encoding=UTF-8 -Duser.country=ES -Duser.language=es -Duser.variant 
java_command: org.gradle.launcher.daemon.bootstrap.GradleDaemon 7.3.3
java_class_path (initial): C:\Users\Asus\.gradle\wrapper\dists\gradle-7.3.3-bin\6a41zxkdtcxs8rphpq6y0069z\gradle-7.3.3\lib\gradle-launcher-7.3.3.jar
Launcher Type: SUN_STANDARD

[Global flags]
     intx CICompilerCount                          = 4                                         {product} {ergonomic}
     uint ConcGCThreads                            = 2                                         {product} {ergonomic}
     uint G1ConcRefinementThreads                  = 8                                         {product} {ergonomic}
   size_t G1HeapRegionSize                         = 1048576                                   {product} {ergonomic}
    uintx GCDrainStackTargetSize                   = 64                                        {product} {ergonomic}
   size_t InitialHeapSize                          = 266338304                                 {product} {ergonomic}
   size_t MarkStackSize                            = 4194304                                   {product} {ergonomic}
   size_t MaxHeapSize                              = 2147483648                                {product} {command line}
   size_t MaxNewSize                               = 1287651328                                {product} {ergonomic}
   size_t MinHeapDeltaBytes                        = 1048576                                   {product} {ergonomic}
    uintx NonNMethodCodeHeapSize                   = 5836300                                {pd product} {ergonomic}
    uintx NonProfiledCodeHeapSize                  = 122910970                              {pd product} {ergonomic}
    uintx ProfiledCodeHeapSize                     = 122910970                              {pd product} {ergonomic}
    uintx ReservedCodeCacheSize                    = 251658240                              {pd product} {ergonomic}
     bool SegmentedCodeCache                       = true                                      {product} {ergonomic}
     bool UseCompressedClassPointers               = true                                 {lp64_product} {ergonomic}
     bool UseCompressedOops                        = true                                 {lp64_product} {ergonomic}
     bool UseG1GC                                  = true                                      {product} {ergonomic}
     bool UseLargePagesIndividualAllocation        = false                                  {pd product} {ergonomic}

Logging:
Log output configuration:
 #0: stdout all=warning uptime,level,tags
 #1: stderr all=off uptime,level,tags

Environment Variables:
PATH=C:\Program Files (x86)\Common Files\Oracle\Java\javapath;C:\Program Files (x86)\Intel\Intel(R) Management Engine Components\iCLS\;C:\Program Files\Intel\Intel(R) Management Engine Components\iCLS\;C:\WINDOWS\system32;C:\WINDOWS;C:\WINDOWS\System32\Wbem;C:\WINDOWS\System32\WindowsPowerShell\v1.0\;C:\WINDOWS\System32\OpenSSH\;C:\Program Files (x86)\Intel\Intel(R) Management Engine Components\DAL;C:\Program Files\Intel\Intel(R) Management Engine Components\DAL;C:\Program Files\Intel\WiFi\bin\;C:\Program Files\Common Files\Intel\WirelessCommon\;C:\Program Files\MATLAB_2\runtime\win64;C:\Program Files\MATLAB_2\bin;C:\Program Files (x86)\Wolfram Research\WolframScript\;C:\Program Files\PuTTY\;C:\Program Files\Git\cmd;C:\Users\Asus\AppData\Local\Microsoft\WindowsApps;C:\Users\Asus\AppData\Local\GitHubDesktop\bin;C:\Program Files\JetBrains\PyCharm Community Edition 2022.3.3\bin;
USERNAME=Asus
OS=Windows_NT
PROCESSOR_IDENTIFIER=Intel64 Family 6 Model 142 Stepping 11, GenuineIntel



---------------  S Y S T E M  ---------------

OS: Windows 10 , 64 bit Build 19041 (10.0.19041.2913)
OS uptime: 10 days 23:45 hours

CPU:total 8 (initial active 8) (4 cores per cpu, 2 threads per core) family 6 model 142 stepping 11 microcode 0xb8, cmov, cx8, fxsr, mmx, sse, sse2, sse3, ssse3, sse4.1, sse4.2, popcnt, avx, avx2, aes, clmul, erms, 3dnowpref, lzcnt, ht, tsc, tscinvbit, bmi1, bmi2, adx, fma

Memory: 4k page, system-wide physical 16198M (389M free)
TotalPageFile size 65350M (AvailPageFile size 24M)
current process WorkingSet (physical memory assigned to process): 514M, peak: 514M
current process commit charge ("private bytes"): 572M, peak: 573M

vm_info: OpenJDK 64-Bit Server VM (11.0.12+7-b1504.28-7817840) for windows-amd64 JRE (11.0.12+7-b1504.28-7817840), built on Oct 13 2021 22:12:33 by "builder" with MS VC++ 14.0 (VS2015)

END.
